INFO 22 Dec 14 20:12:07,576 pDiff.PerceptualImageDifferencing.compare - Converting RGB and constructing Laplacian Pyramids
INFO 22 Dec 14 20:12:07,798 pDiff.PerceptualImageDifferencing.compare - Performing test
INFO 22 Dec 14 20:12:08,179 pDiff.PerceptualImageDifferencing.compare - 68559 pixels are different
INFO 13 Feb 15 19:35:14,731 pDiff.PerceptualImageDifferencing.compare - Converting RGB and constructing Laplacian Pyramids
INFO 13 Feb 15 19:35:15,036 pDiff.PerceptualImageDifferencing.compare - Performing test
INFO 13 Feb 15 19:35:15,549 pDiff.PerceptualImageDifferencing.compare - 1130824 pixels are different
INFO 13 Feb 15 19:36:31,435 pDiff.PerceptualImageDifferencing.compare - Converting RGB and constructing Laplacian Pyramids
INFO 13 Feb 15 19:36:31,754 pDiff.PerceptualImageDifferencing.compare - Performing test
INFO 13 Feb 15 19:36:32,156 pDiff.PerceptualImageDifferencing.compare - 1130824 pixels are different
INFO 13 Feb 15 19:37:08,609 pDiff.PerceptualImageDifferencing.compare - Converting RGB and constructing Laplacian Pyramids
INFO 13 Feb 15 19:37:08,917 pDiff.PerceptualImageDifferencing.compare - Performing test
INFO 13 Feb 15 19:37:09,343 pDiff.PerceptualImageDifferencing.compare - 326367 pixels are different
INFO 13 Feb 15 19:37:51,884 pDiff.PerceptualImageDifferencing.compare - Converting RGB and constructing Laplacian Pyramids
INFO 13 Feb 15 19:37:52,195 pDiff.PerceptualImageDifferencing.compare - Performing test
INFO 13 Feb 15 19:37:52,626 pDiff.PerceptualImageDifferencing.compare - 326367 pixels are different
INFO 13 Feb 15 19:39:09,894 pDiff.PerceptualImageDifferencing.compare - Converting RGB and constructing Laplacian Pyramids
INFO 13 Feb 15 19:39:10,212 pDiff.PerceptualImageDifferencing.compare - Performing test
INFO 13 Feb 15 19:39:10,668 pDiff.PerceptualImageDifferencing.compare - 326367 pixels are different
INFO 13 Feb 15 19:47:35,300 pDiff.PerceptualImageDifferencing.compare - Converting RGB and constructing Laplacian Pyramids
INFO 13 Feb 15 19:47:35,634 pDiff.PerceptualImageDifferencing.compare - Performing test
INFO 13 Feb 15 19:47:36,100 pDiff.PerceptualImageDifferencing.compare - 418499 pixels are different
INFO 13 Feb 15 19:48:03,153 pDiff.PerceptualImageDifferencing.compare - Converting RGB and constructing Laplacian Pyramids
INFO 13 Feb 15 19:48:03,496 pDiff.PerceptualImageDifferencing.compare - Performing test
INFO 13 Feb 15 19:48:04,039 pDiff.PerceptualImageDifferencing.compare - 301868 pixels are different
INFO 13 Feb 15 20:48:04,519 pDiff.PerceptualImageDifferencing.compare - Converting RGB and constructing Laplacian Pyramids
INFO 13 Feb 15 20:48:04,902 pDiff.PerceptualImageDifferencing.compare - Performing test
INFO 13 Feb 15 20:48:05,264 pDiff.PerceptualImageDifferencing.compare - 86805 pixels are different
INFO 13 Feb 15 20:48:44,473 pDiff.PerceptualImageDifferencing.compare - Converting RGB and constructing Laplacian Pyramids
INFO 13 Feb 15 20:48:45,066 pDiff.PerceptualImageDifferencing.compare - Performing test
INFO 13 Feb 15 20:48:45,489 pDiff.PerceptualImageDifferencing.compare - 64230 pixels are different
INFO 13 Feb 15 20:49:15,171 pDiff.PerceptualImageDifferencing.compare - Converting RGB and constructing Laplacian Pyramids
INFO 13 Feb 15 20:49:15,621 pDiff.PerceptualImageDifferencing.compare - Performing test
INFO 13 Feb 15 20:49:16,042 pDiff.PerceptualImageDifferencing.compare - 38516 pixels are different
INFO 13 Feb 15 20:50:52,863 pDiff.PerceptualImageDifferencing.compare - Converting RGB and constructing Laplacian Pyramids
INFO 13 Feb 15 20:50:53,166 pDiff.PerceptualImageDifferencing.compare - Performing test
INFO 13 Feb 15 20:50:53,553 pDiff.PerceptualImageDifferencing.compare - 35951 pixels are different
INFO 13 Feb 15 20:51:05,889 pDiff.PerceptualImageDifferencing.compare - Converting RGB and constructing Laplacian Pyramids
INFO 13 Feb 15 20:51:06,205 pDiff.PerceptualImageDifferencing.compare - Performing test
INFO 13 Feb 15 20:51:08,699 pDiff.PerceptualImageDifferencing.compare - 0 pixels are different
INFO 13 Feb 15 20:51:25,869 pDiff.PerceptualImageDifferencing.compare - Converting RGB and constructing Laplacian Pyramids
INFO 13 Feb 15 20:51:26,179 pDiff.PerceptualImageDifferencing.compare - Performing test
INFO 13 Feb 15 20:51:26,561 pDiff.PerceptualImageDifferencing.compare - 35494 pixels are different
INFO 13 Feb 15 20:56:30,409 pDiff.PerceptualImageDifferencing.compare - Converting RGB and constructing Laplacian Pyramids
INFO 13 Feb 15 20:56:30,710 pDiff.PerceptualImageDifferencing.compare - Performing test
INFO 13 Feb 15 20:56:31,110 pDiff.PerceptualImageDifferencing.compare - 1137479 pixels are different
INFO 13 Feb 15 20:58:00,640 pDiff.PerceptualImageDifferencing.compare - Converting RGB and constructing Laplacian Pyramids
INFO 13 Feb 15 20:58:00,950 pDiff.PerceptualImageDifferencing.compare - Performing test
INFO 13 Feb 15 20:58:01,317 pDiff.PerceptualImageDifferencing.compare - 0 pixels are different
INFO 13 Feb 15 20:58:11,808 pDiff.PerceptualImageDifferencing.compare - Converting RGB and constructing Laplacian Pyramids
INFO 13 Feb 15 20:58:12,118 pDiff.PerceptualImageDifferencing.compare - Performing test
INFO 13 Feb 15 20:58:12,456 pDiff.PerceptualImageDifferencing.compare - 57869 pixels are different
INFO 13 Feb 15 20:58:39,357 pDiff.PerceptualImageDifferencing.compare - Converting RGB and constructing Laplacian Pyramids
INFO 13 Feb 15 20:58:39,672 pDiff.PerceptualImageDifferencing.compare - Performing test
INFO 13 Feb 15 20:58:40,189 pDiff.PerceptualImageDifferencing.compare - 709869 pixels are different
INFO 13 Feb 15 20:59:16,788 pDiff.PerceptualImageDifferencing.compare - Converting RGB and constructing Laplacian Pyramids
INFO 13 Feb 15 20:59:17,101 pDiff.PerceptualImageDifferencing.compare - Performing test
INFO 13 Feb 15 20:59:17,474 pDiff.PerceptualImageDifferencing.compare - 598531 pixels are different
INFO 13 Feb 15 20:59:33,328 pDiff.PerceptualImageDifferencing.compare - Converting RGB and constructing Laplacian Pyramids
INFO 13 Feb 15 20:59:33,634 pDiff.PerceptualImageDifferencing.compare - Performing test
INFO 13 Feb 15 20:59:34,000 pDiff.PerceptualImageDifferencing.compare - 595531 pixels are different
INFO 13 Feb 15 20:59:45,214 pDiff.PerceptualImageDifferencing.compare - Converting RGB and constructing Laplacian Pyramids
INFO 13 Feb 15 20:59:45,519 pDiff.PerceptualImageDifferencing.compare - Performing test
INFO 13 Feb 15 20:59:45,970 pDiff.PerceptualImageDifferencing.compare - 1026279 pixels are different
INFO 13 Feb 15 21:00:11,004 pDiff.PerceptualImageDifferencing.compare - Converting RGB and constructing Laplacian Pyramids
INFO 13 Feb 15 21:00:11,319 pDiff.PerceptualImageDifferencing.compare - Performing test
INFO 13 Feb 15 21:00:11,743 pDiff.PerceptualImageDifferencing.compare - 594896 pixels are different
INFO 13 Feb 15 21:00:34,898 pDiff.PerceptualImageDifferencing.compare - Converting RGB and constructing Laplacian Pyramids
INFO 13 Feb 15 21:00:35,220 pDiff.PerceptualImageDifferencing.compare - Performing test
INFO 13 Feb 15 21:00:35,653 pDiff.PerceptualImageDifferencing.compare - 1026877 pixels are different
INFO 13 Feb 15 21:00:47,117 pDiff.PerceptualImageDifferencing.compare - Converting RGB and constructing Laplacian Pyramids
INFO 13 Feb 15 21:00:47,424 pDiff.PerceptualImageDifferencing.compare - Performing test
INFO 13 Feb 15 21:00:47,843 pDiff.PerceptualImageDifferencing.compare - 567167 pixels are different
INFO 13 Feb 15 21:00:59,074 pDiff.PerceptualImageDifferencing.compare - Converting RGB and constructing Laplacian Pyramids
INFO 13 Feb 15 21:00:59,380 pDiff.PerceptualImageDifferencing.compare - Performing test
INFO 13 Feb 15 21:00:59,791 pDiff.PerceptualImageDifferencing.compare - 594326 pixels are different
INFO 13 Feb 15 21:01:10,764 pDiff.PerceptualImageDifferencing.compare - Converting RGB and constructing Laplacian Pyramids
INFO 13 Feb 15 21:01:11,106 pDiff.PerceptualImageDifferencing.compare - Performing test
INFO 13 Feb 15 21:01:11,462 pDiff.PerceptualImageDifferencing.compare - 442632 pixels are different
INFO 13 Feb 15 21:01:20,003 pDiff.PerceptualImageDifferencing.compare - Converting RGB and constructing Laplacian Pyramids
INFO 13 Feb 15 21:01:20,323 pDiff.PerceptualImageDifferencing.compare - Performing test
INFO 13 Feb 15 21:01:20,723 pDiff.PerceptualImageDifferencing.compare - 1025072 pixels are different
INFO 13 Feb 15 21:01:33,605 pDiff.PerceptualImageDifferencing.compare - Converting RGB and constructing Laplacian Pyramids
INFO 13 Feb 15 21:01:33,932 pDiff.PerceptualImageDifferencing.compare - Performing test
INFO 13 Feb 15 21:01:34,275 pDiff.PerceptualImageDifferencing.compare - 1025072 pixels are different
INFO 13 Feb 15 21:01:56,923 pDiff.PerceptualImageDifferencing.compare - Converting RGB and constructing Laplacian Pyramids
INFO 13 Feb 15 21:01:57,230 pDiff.PerceptualImageDifferencing.compare - Performing test
INFO 13 Feb 15 21:01:57,601 pDiff.PerceptualImageDifferencing.compare - 1285366 pixels are different
INFO 13 Feb 15 21:02:17,212 pDiff.PerceptualImageDifferencing.compare - Converting RGB and constructing Laplacian Pyramids
INFO 13 Feb 15 21:02:17,504 pDiff.PerceptualImageDifferencing.compare - Performing test
INFO 13 Feb 15 21:02:17,925 pDiff.PerceptualImageDifferencing.compare - 1323714 pixels are different
INFO 13 Feb 15 21:02:35,629 pDiff.PerceptualImageDifferencing.compare - Converting RGB and constructing Laplacian Pyramids
INFO 13 Feb 15 21:02:35,948 pDiff.PerceptualImageDifferencing.compare - Performing test
INFO 13 Feb 15 21:02:36,380 pDiff.PerceptualImageDifferencing.compare - 1330535 pixels are different
INFO 13 Feb 15 21:02:59,570 pDiff.PerceptualImageDifferencing.compare - Converting RGB and constructing Laplacian Pyramids
INFO 13 Feb 15 21:02:59,876 pDiff.PerceptualImageDifferencing.compare - Performing test
INFO 13 Feb 15 21:03:00,258 pDiff.PerceptualImageDifferencing.compare - 1330721 pixels are different
INFO 13 Feb 15 21:03:41,351 pDiff.PerceptualImageDifferencing.compare - Converting RGB and constructing Laplacian Pyramids
INFO 13 Feb 15 21:03:41,652 pDiff.PerceptualImageDifferencing.compare - Performing test
INFO 13 Feb 15 21:03:42,060 pDiff.PerceptualImageDifferencing.compare - 1352647 pixels are different
INFO 13 Feb 15 21:04:01,392 pDiff.PerceptualImageDifferencing.compare - Converting RGB and constructing Laplacian Pyramids
INFO 13 Feb 15 21:04:01,713 pDiff.PerceptualImageDifferencing.compare - Performing test
INFO 13 Feb 15 21:04:02,139 pDiff.PerceptualImageDifferencing.compare - 1352636 pixels are different
INFO 13 Feb 15 21:04:12,379 pDiff.PerceptualImageDifferencing.compare - Converting RGB and constructing Laplacian Pyramids
INFO 13 Feb 15 21:04:12,690 pDiff.PerceptualImageDifferencing.compare - Performing test
INFO 13 Feb 15 21:04:13,082 pDiff.PerceptualImageDifferencing.compare - 1380157 pixels are different
INFO 13 Feb 15 21:04:38,107 pDiff.PerceptualImageDifferencing.compare - Converting RGB and constructing Laplacian Pyramids
INFO 13 Feb 15 21:04:38,410 pDiff.PerceptualImageDifferencing.compare - Performing test
INFO 13 Feb 15 21:04:38,788 pDiff.PerceptualImageDifferencing.compare - 1323890 pixels are different
INFO 13 Feb 15 21:04:54,074 pDiff.PerceptualImageDifferencing.compare - Converting RGB and constructing Laplacian Pyramids
INFO 13 Feb 15 21:04:54,380 pDiff.PerceptualImageDifferencing.compare - Performing test
INFO 13 Feb 15 21:04:54,802 pDiff.PerceptualImageDifferencing.compare - 1377346 pixels are different
INFO 13 Feb 15 21:05:14,162 pDiff.PerceptualImageDifferencing.compare - Converting RGB and constructing Laplacian Pyramids
INFO 13 Feb 15 21:05:14,476 pDiff.PerceptualImageDifferencing.compare - Performing test
INFO 13 Feb 15 21:05:14,846 pDiff.PerceptualImageDifferencing.compare - 1378760 pixels are different
INFO 13 Feb 15 21:05:28,107 pDiff.PerceptualImageDifferencing.compare - Converting RGB and constructing Laplacian Pyramids
INFO 13 Feb 15 21:05:28,417 pDiff.PerceptualImageDifferencing.compare - Performing test
INFO 13 Feb 15 21:05:28,871 pDiff.PerceptualImageDifferencing.compare - 1380157 pixels are different
INFO 13 Feb 15 21:05:41,887 pDiff.PerceptualImageDifferencing.compare - Converting RGB and constructing Laplacian Pyramids
INFO 13 Feb 15 21:05:42,229 pDiff.PerceptualImageDifferencing.compare - Performing test
INFO 13 Feb 15 21:05:42,643 pDiff.PerceptualImageDifferencing.compare - 1288854 pixels are different
INFO 13 Feb 15 21:06:03,272 pDiff.PerceptualImageDifferencing.compare - Converting RGB and constructing Laplacian Pyramids
INFO 13 Feb 15 21:06:03,593 pDiff.PerceptualImageDifferencing.compare - Performing test
INFO 13 Feb 15 21:06:04,024 pDiff.PerceptualImageDifferencing.compare - 1204413 pixels are different
INFO 13 Feb 15 21:11:23,038 pDiff.PerceptualImageDifferencing.compare - Converting RGB and constructing Laplacian Pyramids
INFO 13 Feb 15 21:11:23,347 pDiff.PerceptualImageDifferencing.compare - Performing test
INFO 13 Feb 15 21:11:23,728 pDiff.PerceptualImageDifferencing.compare - 1380287 pixels are different
INFO 13 Feb 15 21:11:45,910 pDiff.PerceptualImageDifferencing.compare - Converting RGB and constructing Laplacian Pyramids
INFO 13 Feb 15 21:11:46,232 pDiff.PerceptualImageDifferencing.compare - Performing test
INFO 13 Feb 15 21:11:46,622 pDiff.PerceptualImageDifferencing.compare - 1370332 pixels are different
INFO 13 Feb 15 21:11:55,441 pDiff.PerceptualImageDifferencing.compare - Converting RGB and constructing Laplacian Pyramids
INFO 13 Feb 15 21:11:55,771 pDiff.PerceptualImageDifferencing.compare - Performing test
INFO 13 Feb 15 21:11:56,208 pDiff.PerceptualImageDifferencing.compare - 1379459 pixels are different
INFO 13 Feb 15 21:12:26,517 pDiff.PerceptualImageDifferencing.compare - Converting RGB and constructing Laplacian Pyramids
INFO 13 Feb 15 21:12:26,816 pDiff.PerceptualImageDifferencing.compare - Performing test
INFO 13 Feb 15 21:12:27,235 pDiff.PerceptualImageDifferencing.compare - 1248441 pixels are different
INFO 13 Feb 15 21:16:32,193 pDiff.PerceptualImageDifferencing.compare - Converting RGB and constructing Laplacian Pyramids
INFO 13 Feb 15 21:16:32,509 pDiff.PerceptualImageDifferencing.compare - Performing test
INFO 13 Feb 15 21:16:32,996 pDiff.PerceptualImageDifferencing.compare - 1321882 pixels are different
INFO 13 Feb 15 21:16:51,955 pDiff.PerceptualImageDifferencing.compare - Converting RGB and constructing Laplacian Pyramids
INFO 13 Feb 15 21:16:52,272 pDiff.PerceptualImageDifferencing.compare - Performing test
INFO 13 Feb 15 21:16:52,655 pDiff.PerceptualImageDifferencing.compare - 1347223 pixels are different
INFO 13 Feb 15 21:21:23,614 pDiff.PerceptualImageDifferencing.compare - Converting RGB and constructing Laplacian Pyramids
INFO 13 Feb 15 21:21:23,928 pDiff.PerceptualImageDifferencing.compare - Performing test
INFO 13 Feb 15 21:21:24,357 pDiff.PerceptualImageDifferencing.compare - 326367 pixels are different
INFO 15 Feb 15 02:22:39,175 pDiff.PerceptualImageDifferencing.compare - Converting RGB and constructing Laplacian Pyramids
INFO 15 Feb 15 02:22:39,486 pDiff.PerceptualImageDifferencing.compare - Performing test
INFO 15 Feb 15 02:22:39,929 pDiff.PerceptualImageDifferencing.compare - 1168985 pixels are different
INFO 15 Feb 15 02:23:12,447 pDiff.PerceptualImageDifferencing.compare - Converting RGB and constructing Laplacian Pyramids
INFO 15 Feb 15 02:23:12,750 pDiff.PerceptualImageDifferencing.compare - Performing test
INFO 15 Feb 15 02:23:13,151 pDiff.PerceptualImageDifferencing.compare - 1217563 pixels are different
INFO 15 Feb 15 02:23:36,528 pDiff.PerceptualImageDifferencing.compare - Converting RGB and constructing Laplacian Pyramids
INFO 15 Feb 15 02:23:36,821 pDiff.PerceptualImageDifferencing.compare - Performing test
INFO 15 Feb 15 02:23:37,220 pDiff.PerceptualImageDifferencing.compare - 1137742 pixels are different
INFO 15 Feb 15 02:24:38,822 pDiff.PerceptualImageDifferencing.compare - Converting RGB and constructing Laplacian Pyramids
INFO 15 Feb 15 02:24:39,124 pDiff.PerceptualImageDifferencing.compare - Performing test
INFO 15 Feb 15 02:24:39,517 pDiff.PerceptualImageDifferencing.compare - 545228 pixels are different
INFO 15 Feb 15 02:24:55,864 pDiff.PerceptualImageDifferencing.compare - Converting RGB and constructing Laplacian Pyramids
INFO 15 Feb 15 02:24:56,168 pDiff.PerceptualImageDifferencing.compare - Performing test
INFO 15 Feb 15 02:24:56,617 pDiff.PerceptualImageDifferencing.compare - 1095705 pixels are different
INFO 15 Feb 15 02:25:09,226 pDiff.PerceptualImageDifferencing.compare - Converting RGB and constructing Laplacian Pyramids
INFO 15 Feb 15 02:25:09,542 pDiff.PerceptualImageDifferencing.compare - Performing test
INFO 15 Feb 15 02:25:09,966 pDiff.PerceptualImageDifferencing.compare - 1213866 pixels are different
INFO 15 Feb 15 02:25:24,067 pDiff.PerceptualImageDifferencing.compare - Converting RGB and constructing Laplacian Pyramids
INFO 15 Feb 15 02:25:24,380 pDiff.PerceptualImageDifferencing.compare - Performing test
INFO 15 Feb 15 02:25:24,739 pDiff.PerceptualImageDifferencing.compare - 1198123 pixels are different
INFO 15 Feb 15 02:25:33,177 pDiff.PerceptualImageDifferencing.compare - Converting RGB and constructing Laplacian Pyramids
INFO 15 Feb 15 02:25:33,476 pDiff.PerceptualImageDifferencing.compare - Performing test
INFO 15 Feb 15 02:25:33,869 pDiff.PerceptualImageDifferencing.compare - 1200536 pixels are different
INFO 15 Feb 15 02:25:42,743 pDiff.PerceptualImageDifferencing.compare - Converting RGB and constructing Laplacian Pyramids
INFO 15 Feb 15 02:25:43,062 pDiff.PerceptualImageDifferencing.compare - Performing test
INFO 15 Feb 15 02:25:43,551 pDiff.PerceptualImageDifferencing.compare - 1203564 pixels are different
INFO 15 Feb 15 02:26:08,800 pDiff.PerceptualImageDifferencing.compare - Converting RGB and constructing Laplacian Pyramids
INFO 15 Feb 15 02:26:09,085 pDiff.PerceptualImageDifferencing.compare - Performing test
INFO 15 Feb 15 02:26:09,453 pDiff.PerceptualImageDifferencing.compare - 547682 pixels are different
INFO 15 Feb 15 02:26:18,654 pDiff.PerceptualImageDifferencing.compare - Converting RGB and constructing Laplacian Pyramids
INFO 15 Feb 15 02:26:18,954 pDiff.PerceptualImageDifferencing.compare - Performing test
INFO 15 Feb 15 02:26:19,322 pDiff.PerceptualImageDifferencing.compare - 1068776 pixels are different
INFO 15 Feb 15 02:26:29,402 pDiff.PerceptualImageDifferencing.compare - Converting RGB and constructing Laplacian Pyramids
INFO 15 Feb 15 02:26:29,692 pDiff.PerceptualImageDifferencing.compare - Performing test
INFO 15 Feb 15 02:26:30,120 pDiff.PerceptualImageDifferencing.compare - 1198123 pixels are different
INFO 15 Feb 15 02:26:37,904 pDiff.PerceptualImageDifferencing.compare - Converting RGB and constructing Laplacian Pyramids
INFO 15 Feb 15 02:26:38,198 pDiff.PerceptualImageDifferencing.compare - Performing test
INFO 15 Feb 15 02:26:38,605 pDiff.PerceptualImageDifferencing.compare - 1146055 pixels are different
INFO 15 Feb 15 02:26:47,790 pDiff.PerceptualImageDifferencing.compare - Converting RGB and constructing Laplacian Pyramids
INFO 15 Feb 15 02:26:48,086 pDiff.PerceptualImageDifferencing.compare - Performing test
INFO 15 Feb 15 02:26:48,509 pDiff.PerceptualImageDifferencing.compare - 1200536 pixels are different
INFO 15 Feb 15 02:26:58,980 pDiff.PerceptualImageDifferencing.compare - Converting RGB and constructing Laplacian Pyramids
INFO 15 Feb 15 02:26:59,296 pDiff.PerceptualImageDifferencing.compare - Performing test
INFO 15 Feb 15 02:26:59,673 pDiff.PerceptualImageDifferencing.compare - 1207120 pixels are different
INFO 15 Feb 15 02:27:09,512 pDiff.PerceptualImageDifferencing.compare - Converting RGB and constructing Laplacian Pyramids
INFO 15 Feb 15 02:27:09,809 pDiff.PerceptualImageDifferencing.compare - Performing test
INFO 15 Feb 15 02:27:10,276 pDiff.PerceptualImageDifferencing.compare - 1208646 pixels are different
INFO 15 Feb 15 02:27:23,070 pDiff.PerceptualImageDifferencing.compare - Converting RGB and constructing Laplacian Pyramids
INFO 15 Feb 15 02:27:23,378 pDiff.PerceptualImageDifferencing.compare - Performing test
INFO 15 Feb 15 02:27:23,733 pDiff.PerceptualImageDifferencing.compare - 1200536 pixels are different
INFO 15 Feb 15 02:27:35,701 pDiff.PerceptualImageDifferencing.compare - Converting RGB and constructing Laplacian Pyramids
INFO 15 Feb 15 02:27:35,995 pDiff.PerceptualImageDifferencing.compare - Performing test
INFO 15 Feb 15 02:27:36,368 pDiff.PerceptualImageDifferencing.compare - 1207120 pixels are different
INFO 15 Feb 15 02:29:06,390 pDiff.PerceptualImageDifferencing.compare - Converting RGB and constructing Laplacian Pyramids
INFO 15 Feb 15 02:29:06,694 pDiff.PerceptualImageDifferencing.compare - Performing test
INFO 15 Feb 15 02:29:07,054 pDiff.PerceptualImageDifferencing.compare - 1158379 pixels are different
INFO 15 Feb 15 02:29:27,819 pDiff.PerceptualImageDifferencing.compare - Converting RGB and constructing Laplacian Pyramids
INFO 15 Feb 15 02:29:28,120 pDiff.PerceptualImageDifferencing.compare - Performing test
INFO 15 Feb 15 02:29:28,505 pDiff.PerceptualImageDifferencing.compare - 1161988 pixels are different
INFO 15 Feb 15 02:29:53,677 pDiff.PerceptualImageDifferencing.compare - Converting RGB and constructing Laplacian Pyramids
INFO 15 Feb 15 02:29:53,988 pDiff.PerceptualImageDifferencing.compare - Performing test
INFO 15 Feb 15 02:29:54,359 pDiff.PerceptualImageDifferencing.compare - 1158379 pixels are different
INFO 15 Feb 15 02:30:47,104 pDiff.PerceptualImageDifferencing.compare - Converting RGB and constructing Laplacian Pyramids
INFO 15 Feb 15 02:30:47,406 pDiff.PerceptualImageDifferencing.compare - Performing test
INFO 15 Feb 15 02:30:47,838 pDiff.PerceptualImageDifferencing.compare - 742249 pixels are different
INFO 15 Feb 15 02:32:53,072 pDiff.PerceptualImageDifferencing.compare - Converting RGB and constructing Laplacian Pyramids
INFO 15 Feb 15 02:32:53,366 pDiff.PerceptualImageDifferencing.compare - Performing test
INFO 15 Feb 15 02:32:54,015 pDiff.PerceptualImageDifferencing.compare - 0 pixels are different
INFO 15 Feb 15 02:33:06,782 pDiff.PerceptualImageDifferencing.compare - Converting RGB and constructing Laplacian Pyramids
INFO 15 Feb 15 02:33:07,093 pDiff.PerceptualImageDifferencing.compare - Performing test
INFO 15 Feb 15 02:33:07,739 pDiff.PerceptualImageDifferencing.compare - 0 pixels are different
INFO 15 Feb 15 02:33:21,779 pDiff.PerceptualImageDifferencing.compare - Converting RGB and constructing Laplacian Pyramids
INFO 15 Feb 15 02:33:22,082 pDiff.PerceptualImageDifferencing.compare - Performing test
INFO 15 Feb 15 02:33:22,526 pDiff.PerceptualImageDifferencing.compare - 211213 pixels are different
INFO 15 Feb 15 02:34:26,702 pDiff.PerceptualImageDifferencing.compare - Converting RGB and constructing Laplacian Pyramids
INFO 15 Feb 15 02:34:27,014 pDiff.PerceptualImageDifferencing.compare - Performing test
INFO 15 Feb 15 02:34:27,421 pDiff.PerceptualImageDifferencing.compare - 1158379 pixels are different
INFO 16 Feb 15 21:21:08,582 pDiff.PerceptualImageDifferencing.compare - Converting RGB and constructing Laplacian Pyramids
INFO 16 Feb 15 21:21:08,866 pDiff.PerceptualImageDifferencing.compare - Performing test
INFO 16 Feb 15 21:21:09,288 pDiff.PerceptualImageDifferencing.compare - 742249 pixels are different
