INFO 17 Sep 15 16:53:20,668 pDiff.PerceptualImageDifferencing.compare - Converting RGB and constructing Laplacian Pyramids
INFO 17 Sep 15 16:53:20,956 pDiff.PerceptualImageDifferencing.compare - Performing test
INFO 17 Sep 15 16:53:21,423 pDiff.PerceptualImageDifferencing.compare - 18678 pixels are different
INFO 17 Sep 15 16:55:03,957 pDiff.PerceptualImageDifferencing.compare - Converting RGB and constructing Laplacian Pyramids
INFO 17 Sep 15 16:55:04,225 pDiff.PerceptualImageDifferencing.compare - Performing test
INFO 17 Sep 15 16:55:04,605 pDiff.PerceptualImageDifferencing.compare - 18670 pixels are different
INFO 17 Sep 15 17:09:39,317 pDiff.PerceptualImageDifferencing.compare - Converting RGB and constructing Laplacian Pyramids
INFO 17 Sep 15 17:09:39,598 pDiff.PerceptualImageDifferencing.compare - Performing test
INFO 17 Sep 15 17:09:40,129 pDiff.PerceptualImageDifferencing.compare - 18670 pixels are different
INFO 17 Sep 15 17:10:55,646 pDiff.PerceptualImageDifferencing.compare - Converting RGB and constructing Laplacian Pyramids
INFO 17 Sep 15 17:10:55,892 pDiff.PerceptualImageDifferencing.compare - Performing test
INFO 17 Sep 15 17:10:58,630 pDiff.PerceptualImageDifferencing.compare - 18670 pixels are different
INFO 17 Sep 15 17:11:59,750 pDiff.PerceptualImageDifferencing.compare - Converting RGB and constructing Laplacian Pyramids
INFO 17 Sep 15 17:12:00,047 pDiff.PerceptualImageDifferencing.compare - Performing test
INFO 17 Sep 15 17:12:00,531 pDiff.PerceptualImageDifferencing.compare - 18670 pixels are different
INFO 17 Sep 15 17:15:22,161 pDiff.PerceptualImageDifferencing.compare - Converting RGB and constructing Laplacian Pyramids
INFO 17 Sep 15 17:15:22,428 pDiff.PerceptualImageDifferencing.compare - Performing test
INFO 17 Sep 15 17:15:22,847 pDiff.PerceptualImageDifferencing.compare - 18670 pixels are different
INFO 17 Sep 15 17:16:01,566 pDiff.PerceptualImageDifferencing.compare - Converting RGB and constructing Laplacian Pyramids
INFO 17 Sep 15 17:16:01,822 pDiff.PerceptualImageDifferencing.compare - Performing test
INFO 17 Sep 15 17:16:02,238 pDiff.PerceptualImageDifferencing.compare - 18670 pixels are different
INFO 17 Sep 15 17:20:47,425 pDiff.PerceptualImageDifferencing.compare - Converting RGB and constructing Laplacian Pyramids
INFO 17 Sep 15 17:20:47,655 pDiff.PerceptualImageDifferencing.compare - Performing test
INFO 17 Sep 15 17:20:48,152 pDiff.PerceptualImageDifferencing.compare - 18670 pixels are different
INFO 06 Oct 15 18:00:17,106 pDiff.PerceptualImageDifferencing.compare - Converting RGB and constructing Laplacian Pyramids
INFO 06 Oct 15 18:00:17,354 pDiff.PerceptualImageDifferencing.compare - Performing test
INFO 06 Oct 15 18:00:17,825 pDiff.PerceptualImageDifferencing.compare - 18678 pixels are different
INFO 06 Oct 15 18:01:05,852 websee.WebSeeTool.getErrorElements - ---- GETERRORELEMENTS START ----
INFO 06 Oct 15 18:01:05,869 websee.WebSeeTool.getErrorElements - element /html[1]/body[1]/section[1]/section[1]/main[1]/div[2] found at 171, 317 with rectangle [170, 297, 680, 350]
INFO 06 Oct 15 18:01:05,869 websee.WebSeeTool.getErrorElements - lDifferencePixels before: 1868
INFO 06 Oct 15 18:01:05,871 websee.WebSeeTool.getErrorElements - lDifferencePixels after: 1868
INFO 06 Oct 15 18:01:05,872 websee.WebSeeTool.getErrorElements - element /html[1]/body[1]/section[1]/section[1]/main[1]/div[2]/article[1]/h4[1] found at 172, 357 with rectangle [172, 352, 322, 18]
INFO 06 Oct 15 18:01:05,872 websee.WebSeeTool.getErrorElements - lDifferencePixels before: 1868
INFO 06 Oct 15 18:01:05,872 websee.WebSeeTool.getErrorElements - lDifferencePixels after: 1868
INFO 06 Oct 15 18:01:05,872 websee.WebSeeTool.getErrorElements - element /html[1]/body[1]/section[1]/section[1]/main[1]/div[2]/article[1]/h4[1]/a[1] found at 172, 357 with rectangle [172, 352, 84, 18]
INFO 06 Oct 15 18:01:05,872 websee.WebSeeTool.getErrorElements - lDifferencePixels before: 1868
INFO 06 Oct 15 18:01:05,873 websee.WebSeeTool.getErrorElements - lDifferencePixels after: 1868
INFO 06 Oct 15 18:01:05,873 websee.WebSeeTool.getErrorElements - element /html[1]/body[1]/section[1]/section[1]/main[1]/div[2]/article[1]/p[1] found at 172, 388 with rectangle [172, 377, 322, 80]
INFO 06 Oct 15 18:01:05,873 websee.WebSeeTool.getErrorElements - lDifferencePixels before: 1868
INFO 06 Oct 15 18:01:05,874 websee.WebSeeTool.getErrorElements - lDifferencePixels after: 1868
INFO 06 Oct 15 18:01:05,875 websee.WebSeeTool.getErrorElements - element /html[1]/body[1]/section[1]/section[1]/main[1]/div[2]/article[1]/h4[2] found at 172, 481 with rectangle [172, 472, 322, 18]
INFO 06 Oct 15 18:01:05,875 websee.WebSeeTool.getErrorElements - lDifferencePixels before: 1868
INFO 06 Oct 15 18:01:05,876 websee.WebSeeTool.getErrorElements - lDifferencePixels after: 1868
INFO 06 Oct 15 18:01:05,876 websee.WebSeeTool.getErrorElements - element /html[1]/body[1]/section[1]/section[1]/main[1]/div[2]/article[1]/ul[1] found at 172, 527 with rectangle [172, 497, 322, 54]
INFO 06 Oct 15 18:01:05,876 websee.WebSeeTool.getErrorElements - lDifferencePixels before: 1868
INFO 06 Oct 15 18:01:05,877 websee.WebSeeTool.getErrorElements - lDifferencePixels after: 1868
INFO 06 Oct 15 18:01:05,878 websee.WebSeeTool.getErrorElements - element /html[1]/body[1]/section[1]/section[1]/main[1]/div[2]/article[1]/h4[3] found at 172, 574 with rectangle [172, 567, 322, 18]
INFO 06 Oct 15 18:01:05,878 websee.WebSeeTool.getErrorElements - lDifferencePixels before: 1868
INFO 06 Oct 15 18:01:05,878 websee.WebSeeTool.getErrorElements - lDifferencePixels after: 1868
INFO 06 Oct 15 18:01:05,878 websee.WebSeeTool.getErrorElements - element /html[1]/body[1]/section[1]/section[1]/main[1]/div[2]/article[1]/ul[2] found at 172, 601 with rectangle [172, 592, 322, 35]
INFO 06 Oct 15 18:01:05,879 websee.WebSeeTool.getErrorElements - lDifferencePixels before: 1868
INFO 06 Oct 15 18:01:05,879 websee.WebSeeTool.getErrorElements - lDifferencePixels after: 1868
INFO 06 Oct 15 18:01:05,879 websee.WebSeeTool.getErrorElements - element /html[1]/body[1]/section[1]/section[1]/main[1]/div[2]/article[1]/h4[4] found at 172, 648 with rectangle [172, 643, 322, 18]
INFO 06 Oct 15 18:01:05,879 websee.WebSeeTool.getErrorElements - lDifferencePixels before: 1868
INFO 06 Oct 15 18:01:05,880 websee.WebSeeTool.getErrorElements - lDifferencePixels after: 1868
INFO 06 Oct 15 18:01:05,880 websee.WebSeeTool.getErrorElements - element /html[1]/body[1]/section[1]/section[1]/main[1]/div[2]/article[1] found at 173, 351 with rectangle [172, 347, 337, 336]
INFO 06 Oct 15 18:01:05,880 websee.WebSeeTool.getErrorElements - lDifferencePixels before: 1868
INFO 06 Oct 15 18:01:05,881 websee.WebSeeTool.getErrorElements - lDifferencePixels after: 1868
INFO 06 Oct 15 18:01:05,882 websee.WebSeeTool.getErrorElements - element /html[1]/body[1]/section[1]/section[1]/main[1]/div[2]/article[1]/ul[1]/li[1] found at 188, 503 with rectangle [188, 497, 298, 16]
INFO 06 Oct 15 18:01:05,882 websee.WebSeeTool.getErrorElements - lDifferencePixels before: 1868
INFO 06 Oct 15 18:01:05,882 websee.WebSeeTool.getErrorElements - lDifferencePixels after: 1868
INFO 06 Oct 15 18:01:05,882 websee.WebSeeTool.getErrorElements - element /html[1]/body[1]/section[1]/section[1]/main[1]/div[2]/article[1]/ul[1]/li[1]/a[1] found at 188, 503 with rectangle [188, 497, 47, 16]
INFO 06 Oct 15 18:01:05,883 websee.WebSeeTool.getErrorElements - lDifferencePixels before: 1868
INFO 06 Oct 15 18:01:05,883 websee.WebSeeTool.getErrorElements - lDifferencePixels after: 1868
INFO 06 Oct 15 18:01:05,883 websee.WebSeeTool.getErrorElements - element /html[1]/body[1]/section[1]/section[1]/main[1]/div[2]/article[1]/ul[1]/li[2] found at 188, 525 with rectangle [188, 516, 298, 16]
INFO 06 Oct 15 18:01:05,883 websee.WebSeeTool.getErrorElements - lDifferencePixels before: 1868
INFO 06 Oct 15 18:01:05,884 websee.WebSeeTool.getErrorElements - lDifferencePixels after: 1868
INFO 06 Oct 15 18:01:05,884 websee.WebSeeTool.getErrorElements - element /html[1]/body[1]/section[1]/section[1]/main[1]/div[2]/article[1]/ul[1]/li[2]/a[1] found at 188, 525 with rectangle [188, 516, 55, 16]
INFO 06 Oct 15 18:01:05,884 websee.WebSeeTool.getErrorElements - lDifferencePixels before: 1868
INFO 06 Oct 15 18:01:05,884 websee.WebSeeTool.getErrorElements - lDifferencePixels after: 1868
INFO 06 Oct 15 18:01:05,884 websee.WebSeeTool.getErrorElements - element /html[1]/body[1]/section[1]/section[1]/main[1]/div[2]/article[1]/ul[1]/li[3] found at 188, 543 with rectangle [188, 535, 298, 16]
INFO 06 Oct 15 18:01:05,884 websee.WebSeeTool.getErrorElements - lDifferencePixels before: 1868
INFO 06 Oct 15 18:01:05,885 websee.WebSeeTool.getErrorElements - lDifferencePixels after: 1868
INFO 06 Oct 15 18:01:05,885 websee.WebSeeTool.getErrorElements - element /html[1]/body[1]/section[1]/section[1]/main[1]/div[2]/article[1]/ul[1]/li[3]/a[1] found at 188, 543 with rectangle [188, 535, 75, 16]
INFO 06 Oct 15 18:01:05,885 websee.WebSeeTool.getErrorElements - lDifferencePixels before: 1868
INFO 06 Oct 15 18:01:05,885 websee.WebSeeTool.getErrorElements - lDifferencePixels after: 1868
INFO 06 Oct 15 18:01:05,885 websee.WebSeeTool.getErrorElements - element /html[1]/body[1]/section[1]/section[1]/main[1]/div[2]/article[1]/ul[2]/li[1]/a[1] found at 188, 596 with rectangle [188, 592, 159, 16]
INFO 06 Oct 15 18:01:05,885 websee.WebSeeTool.getErrorElements - lDifferencePixels before: 1868
INFO 06 Oct 15 18:01:05,885 websee.WebSeeTool.getErrorElements - lDifferencePixels after: 1868
INFO 06 Oct 15 18:01:05,885 websee.WebSeeTool.getErrorElements - element /html[1]/body[1]/section[1]/section[1]/main[1]/div[2]/article[1]/ul[2]/li[1] found at 188, 596 with rectangle [188, 592, 298, 16]
INFO 06 Oct 15 18:01:05,886 websee.WebSeeTool.getErrorElements - lDifferencePixels before: 1868
INFO 06 Oct 15 18:01:05,886 websee.WebSeeTool.getErrorElements - lDifferencePixels after: 1868
INFO 06 Oct 15 18:01:05,886 websee.WebSeeTool.getErrorElements - element /html[1]/body[1]/section[1]/section[1]/main[1]/div[2]/article[1]/ul[2]/li[2] found at 188, 626 with rectangle [188, 611, 298, 16]
INFO 06 Oct 15 18:01:05,886 websee.WebSeeTool.getErrorElements - lDifferencePixels before: 1868
INFO 06 Oct 15 18:01:05,886 websee.WebSeeTool.getErrorElements - lDifferencePixels after: 1868
INFO 06 Oct 15 18:01:05,886 websee.WebSeeTool.getErrorElements - element /html[1]/body[1]/section[1]/section[1]/main[1]/div[2]/article[1]/ul[2]/li[2]/a[1] found at 188, 626 with rectangle [188, 611, 121, 16]
INFO 06 Oct 15 18:01:05,886 websee.WebSeeTool.getErrorElements - lDifferencePixels before: 1868
INFO 06 Oct 15 18:01:05,887 websee.WebSeeTool.getErrorElements - lDifferencePixels after: 1868
INFO 06 Oct 15 18:01:05,887 websee.WebSeeTool.getErrorElements - element /html[1]/body[1]/section[1]/section[1]/main[1]/div[2]/article[1]/ul[3] found at 188, 675 with rectangle [172, 668, 322, 16]
INFO 06 Oct 15 18:01:05,887 websee.WebSeeTool.getErrorElements - lDifferencePixels before: 1868
INFO 06 Oct 15 18:01:05,887 websee.WebSeeTool.getErrorElements - lDifferencePixels after: 1868
INFO 06 Oct 15 18:01:05,887 websee.WebSeeTool.getErrorElements - element /html[1]/body[1]/section[1]/section[1]/main[1]/div[2]/article[1]/ul[3]/li[1] found at 188, 675 with rectangle [188, 668, 298, 16]
INFO 06 Oct 15 18:01:05,887 websee.WebSeeTool.getErrorElements - lDifferencePixels before: 1868
INFO 06 Oct 15 18:01:05,888 websee.WebSeeTool.getErrorElements - lDifferencePixels after: 1868
INFO 06 Oct 15 18:01:05,888 websee.WebSeeTool.getErrorElements - element /html[1]/body[1]/section[1]/section[1]/main[1]/div[2]/article[1]/ul[3]/li[1]/a[1] found at 188, 675 with rectangle [188, 668, 162, 16]
INFO 06 Oct 15 18:01:05,888 websee.WebSeeTool.getErrorElements - lDifferencePixels before: 1868
INFO 06 Oct 15 18:01:05,888 websee.WebSeeTool.getErrorElements - lDifferencePixels after: 1868
INFO 06 Oct 15 18:01:05,888 websee.WebSeeTool.getErrorElements - element /html[1]/body[1]/header[1]/div[1]/div[2] found at 894, 49 with rectangle [827, 13, 240, 65]
INFO 06 Oct 15 18:01:05,888 websee.WebSeeTool.getErrorElements - lDifferencePixels before: 1868
INFO 06 Oct 15 18:01:05,888 websee.WebSeeTool.getErrorElements - lDifferencePixels after: 1868
INFO 06 Oct 15 18:01:05,889 websee.WebSeeTool.getErrorElements - element /html[1]/body[1]/header[1]/div[1]/div[2]/span[1] found at 894, 49 with rectangle [827, 36, 240, 20]
INFO 06 Oct 15 18:01:05,889 websee.WebSeeTool.getErrorElements - lDifferencePixels before: 1868
INFO 06 Oct 15 18:01:05,889 websee.WebSeeTool.getErrorElements - lDifferencePixels after: 1868
INFO 06 Oct 15 18:04:03,576 pDiff.PerceptualImageDifferencing.compare - Converting RGB and constructing Laplacian Pyramids
INFO 06 Oct 15 18:04:03,831 pDiff.PerceptualImageDifferencing.compare - Performing test
INFO 06 Oct 15 18:04:04,324 pDiff.PerceptualImageDifferencing.compare - 18678 pixels are different
INFO 06 Oct 15 18:04:53,156 websee.WebSeeTool.getErrorElements - ---- GETERRORELEMENTS START ----
INFO 06 Oct 15 18:04:53,174 websee.WebSeeTool.getErrorElements - element /html[1]/body[1]/section[1]/section[1]/main[1]/div[2] found at 171, 317 with rectangle [171, 297, 680, 350]
INFO 06 Oct 15 18:04:53,174 websee.WebSeeTool.getErrorElements - lDifferencePixels before: 1868
INFO 06 Oct 15 18:04:53,175 websee.WebSeeTool.getErrorElements - lDifferencePixels after: 1868
INFO 06 Oct 15 18:04:53,176 websee.WebSeeTool.getErrorElements - element /html[1]/body[1]/section[1]/section[1]/main[1] found at 172, 648 with rectangle [168, 132, 683, 551]
INFO 06 Oct 15 18:04:53,176 websee.WebSeeTool.getErrorElements - lDifferencePixels before: 1868
INFO 06 Oct 15 18:04:53,177 websee.WebSeeTool.getErrorElements - lDifferencePixels after: 1868
INFO 06 Oct 15 18:04:53,178 websee.WebSeeTool.getErrorElements - element /html[1]/body[1]/section[1]/section[1]/main[1]/div[2]/article[1] found at 173, 351 with rectangle [173, 347, 337, 336]
INFO 06 Oct 15 18:04:53,178 websee.WebSeeTool.getErrorElements - lDifferencePixels before: 1868
INFO 06 Oct 15 18:04:53,180 websee.WebSeeTool.getErrorElements - lDifferencePixels after: 1868
INFO 06 Oct 15 18:04:53,180 websee.WebSeeTool.getErrorElements - element /html[1]/body[1]/section[1]/section[1]/main[1]/div[2]/article[1]/h4[1] found at 173, 362 with rectangle [173, 352, 322, 18]
INFO 06 Oct 15 18:04:53,180 websee.WebSeeTool.getErrorElements - lDifferencePixels before: 1868
INFO 06 Oct 15 18:04:53,181 websee.WebSeeTool.getErrorElements - lDifferencePixels after: 1868
INFO 06 Oct 15 18:04:53,182 websee.WebSeeTool.getErrorElements - element /html[1]/body[1]/section[1]/section[1]/main[1]/div[2]/article[1]/h4[1]/a[1] found at 173, 362 with rectangle [173, 352, 84, 18]
INFO 06 Oct 15 18:04:53,182 websee.WebSeeTool.getErrorElements - lDifferencePixels before: 1868
INFO 06 Oct 15 18:04:53,182 websee.WebSeeTool.getErrorElements - lDifferencePixels after: 1868
INFO 06 Oct 15 18:04:53,182 websee.WebSeeTool.getErrorElements - element /html[1]/body[1]/section[1]/section[1]/main[1]/div[2]/article[1]/p[1] found at 173, 384 with rectangle [173, 377, 322, 80]
INFO 06 Oct 15 18:04:53,183 websee.WebSeeTool.getErrorElements - lDifferencePixels before: 1868
INFO 06 Oct 15 18:04:53,184 websee.WebSeeTool.getErrorElements - lDifferencePixels after: 1868
INFO 06 Oct 15 18:04:53,184 websee.WebSeeTool.getErrorElements - element /html[1]/body[1]/section[1]/section[1]/main[1]/div[2]/article[1]/h4[2] found at 173, 484 with rectangle [173, 472, 322, 18]
INFO 06 Oct 15 18:04:53,184 websee.WebSeeTool.getErrorElements - lDifferencePixels before: 1868
INFO 06 Oct 15 18:04:53,184 websee.WebSeeTool.getErrorElements - lDifferencePixels after: 1868
INFO 06 Oct 15 18:04:53,185 websee.WebSeeTool.getErrorElements - element /html[1]/body[1]/section[1]/section[1]/main[1]/div[2]/article[1]/ul[1] found at 173, 530 with rectangle [173, 497, 322, 54]
INFO 06 Oct 15 18:04:53,185 websee.WebSeeTool.getErrorElements - lDifferencePixels before: 1868
INFO 06 Oct 15 18:04:53,185 websee.WebSeeTool.getErrorElements - lDifferencePixels after: 1868
INFO 06 Oct 15 18:04:53,185 websee.WebSeeTool.getErrorElements - element /html[1]/body[1]/section[1]/section[1]/main[1]/div[2]/article[1]/h4[3] found at 173, 577 with rectangle [173, 567, 322, 18]
INFO 06 Oct 15 18:04:53,186 websee.WebSeeTool.getErrorElements - lDifferencePixels before: 1868
INFO 06 Oct 15 18:04:53,186 websee.WebSeeTool.getErrorElements - lDifferencePixels after: 1868
INFO 06 Oct 15 18:04:53,186 websee.WebSeeTool.getErrorElements - element /html[1]/body[1]/section[1]/section[1]/main[1]/div[2]/article[1]/ul[2] found at 173, 604 with rectangle [173, 592, 322, 35]
INFO 06 Oct 15 18:04:53,186 websee.WebSeeTool.getErrorElements - lDifferencePixels before: 1868
INFO 06 Oct 15 18:04:53,187 websee.WebSeeTool.getErrorElements - lDifferencePixels after: 1868
INFO 06 Oct 15 18:04:53,187 websee.WebSeeTool.getErrorElements - element /html[1]/body[1]/section[1]/section[1]/main[1]/div[2]/article[1]/h4[4] found at 177, 647 with rectangle [173, 643, 322, 18]
INFO 06 Oct 15 18:04:53,187 websee.WebSeeTool.getErrorElements - lDifferencePixels before: 1868
INFO 06 Oct 15 18:04:53,187 websee.WebSeeTool.getErrorElements - lDifferencePixels after: 1868
INFO 06 Oct 15 18:04:53,188 websee.WebSeeTool.getErrorElements - element /html[1]/body[1]/section[1]/section[1]/main[1]/div[2]/article[1]/ul[1]/li[1] found at 189, 499 with rectangle [189, 497, 298, 16]
INFO 06 Oct 15 18:04:53,188 websee.WebSeeTool.getErrorElements - lDifferencePixels before: 1868
INFO 06 Oct 15 18:04:53,188 websee.WebSeeTool.getErrorElements - lDifferencePixels after: 1868
INFO 06 Oct 15 18:04:53,188 websee.WebSeeTool.getErrorElements - element /html[1]/body[1]/section[1]/section[1]/main[1]/div[2]/article[1]/ul[1]/li[1]/a[1] found at 189, 499 with rectangle [189, 497, 47, 16]
INFO 06 Oct 15 18:04:53,188 websee.WebSeeTool.getErrorElements - lDifferencePixels before: 1868
INFO 06 Oct 15 18:04:53,188 websee.WebSeeTool.getErrorElements - lDifferencePixels after: 1868
INFO 06 Oct 15 18:04:53,188 websee.WebSeeTool.getErrorElements - element /html[1]/body[1]/section[1]/section[1]/main[1]/div[2]/article[1]/ul[1]/li[3] found at 189, 540 with rectangle [189, 535, 298, 16]
INFO 06 Oct 15 18:04:53,189 websee.WebSeeTool.getErrorElements - lDifferencePixels before: 1868
INFO 06 Oct 15 18:04:53,189 websee.WebSeeTool.getErrorElements - lDifferencePixels after: 1868
INFO 06 Oct 15 18:04:53,189 websee.WebSeeTool.getErrorElements - element /html[1]/body[1]/section[1]/section[1]/main[1]/div[2]/article[1]/ul[1]/li[3]/a[1] found at 189, 540 with rectangle [189, 535, 75, 16]
INFO 06 Oct 15 18:04:53,189 websee.WebSeeTool.getErrorElements - lDifferencePixels before: 1868
INFO 06 Oct 15 18:04:53,189 websee.WebSeeTool.getErrorElements - lDifferencePixels after: 1868
INFO 06 Oct 15 18:04:53,189 websee.WebSeeTool.getErrorElements - element /html[1]/body[1]/section[1]/section[1]/main[1]/div[2]/article[1]/ul[2]/li[1]/a[1] found at 189, 608 with rectangle [189, 592, 159, 16]
INFO 06 Oct 15 18:04:53,190 websee.WebSeeTool.getErrorElements - lDifferencePixels before: 1868
INFO 06 Oct 15 18:04:53,190 websee.WebSeeTool.getErrorElements - lDifferencePixels after: 1868
INFO 06 Oct 15 18:04:53,190 websee.WebSeeTool.getErrorElements - element /html[1]/body[1]/section[1]/section[1]/main[1]/div[2]/article[1]/ul[2]/li[1] found at 189, 608 with rectangle [189, 592, 298, 16]
INFO 06 Oct 15 18:04:53,190 websee.WebSeeTool.getErrorElements - lDifferencePixels before: 1868
INFO 06 Oct 15 18:04:53,190 websee.WebSeeTool.getErrorElements - lDifferencePixels after: 1868
INFO 06 Oct 15 18:04:53,190 websee.WebSeeTool.getErrorElements - element /html[1]/body[1]/section[1]/section[1]/main[1]/div[2]/article[1]/ul[1]/li[2] found at 190, 522 with rectangle [189, 516, 298, 16]
INFO 06 Oct 15 18:04:53,190 websee.WebSeeTool.getErrorElements - lDifferencePixels before: 1868
INFO 06 Oct 15 18:04:53,191 websee.WebSeeTool.getErrorElements - lDifferencePixels after: 1868
INFO 06 Oct 15 18:04:53,191 websee.WebSeeTool.getErrorElements - element /html[1]/body[1]/section[1]/section[1]/main[1]/div[2]/article[1]/ul[1]/li[2]/a[1] found at 190, 522 with rectangle [189, 516, 55, 16]
INFO 06 Oct 15 18:04:53,191 websee.WebSeeTool.getErrorElements - lDifferencePixels before: 1868
INFO 06 Oct 15 18:04:53,191 websee.WebSeeTool.getErrorElements - lDifferencePixels after: 1868
INFO 06 Oct 15 18:04:53,191 websee.WebSeeTool.getErrorElements - element /html[1]/body[1]/section[1]/section[1]/main[1]/div[2]/article[1]/ul[2]/li[2] found at 191, 627 with rectangle [189, 611, 298, 16]
INFO 06 Oct 15 18:04:53,191 websee.WebSeeTool.getErrorElements - lDifferencePixels before: 1868
INFO 06 Oct 15 18:04:53,191 websee.WebSeeTool.getErrorElements - lDifferencePixels after: 1868
INFO 06 Oct 15 18:04:53,191 websee.WebSeeTool.getErrorElements - element /html[1]/body[1]/section[1]/section[1]/main[1]/div[2]/article[1]/ul[2]/li[2]/a[1] found at 191, 627 with rectangle [189, 611, 121, 16]
INFO 06 Oct 15 18:04:53,192 websee.WebSeeTool.getErrorElements - lDifferencePixels before: 1868
INFO 06 Oct 15 18:04:53,192 websee.WebSeeTool.getErrorElements - lDifferencePixels after: 1868
INFO 06 Oct 15 18:04:53,192 websee.WebSeeTool.getErrorElements - element /html[1]/body[1]/header[1]/div[1]/div[2] found at 894, 49 with rectangle [828, 13, 240, 65]
INFO 06 Oct 15 18:04:53,192 websee.WebSeeTool.getErrorElements - lDifferencePixels before: 1868
INFO 06 Oct 15 18:04:53,192 websee.WebSeeTool.getErrorElements - lDifferencePixels after: 1868
INFO 06 Oct 15 18:04:53,192 websee.WebSeeTool.getErrorElements - element /html[1]/body[1]/header[1]/div[1]/div[2]/span[1] found at 894, 49 with rectangle [828, 36, 240, 20]
INFO 06 Oct 15 18:04:53,192 websee.WebSeeTool.getErrorElements - lDifferencePixels before: 1868
INFO 06 Oct 15 18:04:53,192 websee.WebSeeTool.getErrorElements - lDifferencePixels after: 1868
INFO 06 Oct 15 18:05:56,028 pDiff.PerceptualImageDifferencing.compare - Converting RGB and constructing Laplacian Pyramids
INFO 06 Oct 15 18:05:56,300 pDiff.PerceptualImageDifferencing.compare - Performing test
INFO 06 Oct 15 18:05:56,726 pDiff.PerceptualImageDifferencing.compare - 18678 pixels are different
INFO 06 Oct 15 18:06:45,044 websee.WebSeeTool.getErrorElements - ---- GETERRORELEMENTS START ----
INFO 06 Oct 15 18:06:45,062 websee.WebSeeTool.getErrorElements - element /html[1]/body[1]/section[1]/section[1]/main[1]/div[2] found at 171, 317 with rectangle [171, 297, 680, 350]
INFO 06 Oct 15 18:06:45,062 websee.WebSeeTool.getErrorElements - lDifferencePixels before: 1868
INFO 06 Oct 15 18:06:45,064 websee.WebSeeTool.getErrorElements - lDifferencePixels after: 1868
INFO 06 Oct 15 18:06:45,064 websee.WebSeeTool.getErrorElements - element /html[1]/body[1]/section[1]/section[1]/main[1] found at 172, 648 with rectangle [168, 132, 683, 551]
INFO 06 Oct 15 18:06:45,064 websee.WebSeeTool.getErrorElements - lDifferencePixels before: 1868
INFO 06 Oct 15 18:06:45,066 websee.WebSeeTool.getErrorElements - lDifferencePixels after: 1868
INFO 06 Oct 15 18:06:45,066 websee.WebSeeTool.getErrorElements - element /html[1]/body[1]/section[1]/section[1]/main[1]/div[2]/article[1] found at 173, 351 with rectangle [173, 347, 337, 336]
INFO 06 Oct 15 18:06:45,066 websee.WebSeeTool.getErrorElements - lDifferencePixels before: 1868
INFO 06 Oct 15 18:06:45,068 websee.WebSeeTool.getErrorElements - lDifferencePixels after: 1868
INFO 06 Oct 15 18:06:45,069 websee.WebSeeTool.getErrorElements - element /html[1]/body[1]/section[1]/section[1]/main[1]/div[2]/article[1]/h4[1] found at 173, 362 with rectangle [173, 352, 322, 18]
INFO 06 Oct 15 18:06:45,069 websee.WebSeeTool.getErrorElements - lDifferencePixels before: 1868
INFO 06 Oct 15 18:06:45,069 websee.WebSeeTool.getErrorElements - lDifferencePixels after: 1868
INFO 06 Oct 15 18:06:45,070 websee.WebSeeTool.getErrorElements - element /html[1]/body[1]/section[1]/section[1]/main[1]/div[2]/article[1]/h4[1]/a[1] found at 173, 362 with rectangle [173, 352, 84, 18]
INFO 06 Oct 15 18:06:45,071 websee.WebSeeTool.getErrorElements - lDifferencePixels before: 1868
INFO 06 Oct 15 18:06:45,071 websee.WebSeeTool.getErrorElements - lDifferencePixels after: 1868
INFO 06 Oct 15 18:06:45,071 websee.WebSeeTool.getErrorElements - element /html[1]/body[1]/section[1]/section[1]/main[1]/div[2]/article[1]/p[1] found at 173, 384 with rectangle [173, 377, 322, 80]
INFO 06 Oct 15 18:06:45,071 websee.WebSeeTool.getErrorElements - lDifferencePixels before: 1868
INFO 06 Oct 15 18:06:45,073 websee.WebSeeTool.getErrorElements - lDifferencePixels after: 1868
INFO 06 Oct 15 18:06:45,073 websee.WebSeeTool.getErrorElements - element /html[1]/body[1]/section[1]/section[1]/main[1]/div[2]/article[1]/h4[2] found at 173, 484 with rectangle [173, 472, 322, 18]
INFO 06 Oct 15 18:06:45,073 websee.WebSeeTool.getErrorElements - lDifferencePixels before: 1868
INFO 06 Oct 15 18:06:45,073 websee.WebSeeTool.getErrorElements - lDifferencePixels after: 1868
INFO 06 Oct 15 18:06:45,073 websee.WebSeeTool.getErrorElements - element /html[1]/body[1]/section[1]/section[1]/main[1]/div[2]/article[1]/ul[1] found at 173, 530 with rectangle [173, 497, 322, 54]
INFO 06 Oct 15 18:06:45,074 websee.WebSeeTool.getErrorElements - lDifferencePixels before: 1868
INFO 06 Oct 15 18:06:45,074 websee.WebSeeTool.getErrorElements - lDifferencePixels after: 1868
INFO 06 Oct 15 18:06:45,075 websee.WebSeeTool.getErrorElements - element /html[1]/body[1]/section[1]/section[1]/main[1]/div[2]/article[1]/h4[3] found at 173, 577 with rectangle [173, 567, 322, 18]
INFO 06 Oct 15 18:06:45,075 websee.WebSeeTool.getErrorElements - lDifferencePixels before: 1868
INFO 06 Oct 15 18:06:45,075 websee.WebSeeTool.getErrorElements - lDifferencePixels after: 1868
INFO 06 Oct 15 18:06:45,075 websee.WebSeeTool.getErrorElements - element /html[1]/body[1]/section[1]/section[1]/main[1]/div[2]/article[1]/ul[2] found at 173, 604 with rectangle [173, 592, 322, 35]
INFO 06 Oct 15 18:06:45,075 websee.WebSeeTool.getErrorElements - lDifferencePixels before: 1868
INFO 06 Oct 15 18:06:45,076 websee.WebSeeTool.getErrorElements - lDifferencePixels after: 1868
INFO 06 Oct 15 18:06:45,076 websee.WebSeeTool.getErrorElements - element /html[1]/body[1]/section[1]/section[1]/main[1]/div[2]/article[1]/h4[4] found at 177, 647 with rectangle [173, 643, 322, 18]
INFO 06 Oct 15 18:06:45,076 websee.WebSeeTool.getErrorElements - lDifferencePixels before: 1868
INFO 06 Oct 15 18:06:45,076 websee.WebSeeTool.getErrorElements - lDifferencePixels after: 1868
INFO 06 Oct 15 18:06:45,077 websee.WebSeeTool.getErrorElements - element /html[1]/body[1]/section[1]/section[1]/main[1]/div[2]/article[1]/ul[1]/li[1] found at 189, 499 with rectangle [189, 497, 298, 16]
INFO 06 Oct 15 18:06:45,077 websee.WebSeeTool.getErrorElements - lDifferencePixels before: 1868
INFO 06 Oct 15 18:06:45,077 websee.WebSeeTool.getErrorElements - lDifferencePixels after: 1868
INFO 06 Oct 15 18:06:45,077 websee.WebSeeTool.getErrorElements - element /html[1]/body[1]/section[1]/section[1]/main[1]/div[2]/article[1]/ul[1]/li[1]/a[1] found at 189, 499 with rectangle [189, 497, 47, 16]
INFO 06 Oct 15 18:06:45,077 websee.WebSeeTool.getErrorElements - lDifferencePixels before: 1868
INFO 06 Oct 15 18:06:45,078 websee.WebSeeTool.getErrorElements - lDifferencePixels after: 1868
INFO 06 Oct 15 18:06:45,078 websee.WebSeeTool.getErrorElements - element /html[1]/body[1]/section[1]/section[1]/main[1]/div[2]/article[1]/ul[1]/li[3] found at 189, 540 with rectangle [189, 535, 298, 16]
INFO 06 Oct 15 18:06:45,078 websee.WebSeeTool.getErrorElements - lDifferencePixels before: 1868
INFO 06 Oct 15 18:06:45,078 websee.WebSeeTool.getErrorElements - lDifferencePixels after: 1868
INFO 06 Oct 15 18:06:45,078 websee.WebSeeTool.getErrorElements - element /html[1]/body[1]/section[1]/section[1]/main[1]/div[2]/article[1]/ul[1]/li[3]/a[1] found at 189, 540 with rectangle [189, 535, 75, 16]
INFO 06 Oct 15 18:06:45,078 websee.WebSeeTool.getErrorElements - lDifferencePixels before: 1868
INFO 06 Oct 15 18:06:45,079 websee.WebSeeTool.getErrorElements - lDifferencePixels after: 1868
INFO 06 Oct 15 18:06:45,079 websee.WebSeeTool.getErrorElements - element /html[1]/body[1]/section[1]/section[1]/main[1]/div[2]/article[1]/ul[2]/li[1]/a[1] found at 189, 608 with rectangle [189, 592, 159, 16]
INFO 06 Oct 15 18:06:45,079 websee.WebSeeTool.getErrorElements - lDifferencePixels before: 1868
INFO 06 Oct 15 18:06:45,079 websee.WebSeeTool.getErrorElements - lDifferencePixels after: 1868
INFO 06 Oct 15 18:06:45,079 websee.WebSeeTool.getErrorElements - element /html[1]/body[1]/section[1]/section[1]/main[1]/div[2]/article[1]/ul[2]/li[1] found at 189, 608 with rectangle [189, 592, 298, 16]
INFO 06 Oct 15 18:06:45,079 websee.WebSeeTool.getErrorElements - lDifferencePixels before: 1868
INFO 06 Oct 15 18:06:45,080 websee.WebSeeTool.getErrorElements - lDifferencePixels after: 1868
INFO 06 Oct 15 18:06:45,080 websee.WebSeeTool.getErrorElements - element /html[1]/body[1]/section[1]/section[1]/main[1]/div[2]/article[1]/ul[1]/li[2] found at 190, 522 with rectangle [189, 516, 298, 16]
INFO 06 Oct 15 18:06:45,080 websee.WebSeeTool.getErrorElements - lDifferencePixels before: 1868
INFO 06 Oct 15 18:06:45,080 websee.WebSeeTool.getErrorElements - lDifferencePixels after: 1868
INFO 06 Oct 15 18:06:45,080 websee.WebSeeTool.getErrorElements - element /html[1]/body[1]/section[1]/section[1]/main[1]/div[2]/article[1]/ul[1]/li[2]/a[1] found at 190, 522 with rectangle [189, 516, 55, 16]
INFO 06 Oct 15 18:06:45,080 websee.WebSeeTool.getErrorElements - lDifferencePixels before: 1868
INFO 06 Oct 15 18:06:45,080 websee.WebSeeTool.getErrorElements - lDifferencePixels after: 1868
INFO 06 Oct 15 18:06:45,081 websee.WebSeeTool.getErrorElements - element /html[1]/body[1]/section[1]/section[1]/main[1]/div[2]/article[1]/ul[2]/li[2] found at 191, 627 with rectangle [189, 611, 298, 16]
INFO 06 Oct 15 18:06:45,081 websee.WebSeeTool.getErrorElements - lDifferencePixels before: 1868
INFO 06 Oct 15 18:06:45,081 websee.WebSeeTool.getErrorElements - lDifferencePixels after: 1868
INFO 06 Oct 15 18:06:45,081 websee.WebSeeTool.getErrorElements - element /html[1]/body[1]/section[1]/section[1]/main[1]/div[2]/article[1]/ul[2]/li[2]/a[1] found at 191, 627 with rectangle [189, 611, 121, 16]
INFO 06 Oct 15 18:06:45,081 websee.WebSeeTool.getErrorElements - lDifferencePixels before: 1868
INFO 06 Oct 15 18:06:45,081 websee.WebSeeTool.getErrorElements - lDifferencePixels after: 1868
INFO 06 Oct 15 18:06:45,082 websee.WebSeeTool.getErrorElements - element /html[1]/body[1]/header[1]/div[1]/div[2] found at 894, 49 with rectangle [828, 13, 240, 65]
INFO 06 Oct 15 18:06:45,082 websee.WebSeeTool.getErrorElements - lDifferencePixels before: 1868
INFO 06 Oct 15 18:06:45,082 websee.WebSeeTool.getErrorElements - lDifferencePixels after: 1868
INFO 06 Oct 15 18:06:45,082 websee.WebSeeTool.getErrorElements - element /html[1]/body[1]/header[1]/div[1]/div[2]/span[1] found at 894, 49 with rectangle [828, 36, 240, 20]
INFO 06 Oct 15 18:06:45,082 websee.WebSeeTool.getErrorElements - lDifferencePixels before: 1868
INFO 06 Oct 15 18:06:45,082 websee.WebSeeTool.getErrorElements - lDifferencePixels after: 1868
INFO 05 Nov 15 23:08:51,478 pDiff.PerceptualImageDifferencing.compare - Converting RGB and constructing Laplacian Pyramids
INFO 05 Nov 15 23:08:51,735 pDiff.PerceptualImageDifferencing.compare - Performing test
INFO 05 Nov 15 23:08:52,200 pDiff.PerceptualImageDifferencing.compare - 18670 pixels are different
INFO 05 Nov 15 23:09:36,595 websee.WebSeeTool.getErrorElements - ---- GETERRORELEMENTS START ----
INFO 05 Nov 15 23:09:36,614 websee.WebSeeTool.getErrorElements - element /html[1]/body[1]/section[1]/section[1]/main[1]/div[2] found at 173, 317 with rectangle [172, 297, 680, 350]
INFO 05 Nov 15 23:09:36,614 websee.WebSeeTool.getErrorElements - lDifferencePixels before: 1833
INFO 05 Nov 15 23:09:36,615 websee.WebSeeTool.getErrorElements - lDifferencePixels after: 1833
INFO 05 Nov 15 23:09:36,616 websee.WebSeeTool.getErrorElements - element /html[1]/body[1]/section[1]/section[1]/main[1]/div[2]/article[1]/h4[1] found at 174, 357 with rectangle [174, 352, 322, 18]
INFO 05 Nov 15 23:09:36,616 websee.WebSeeTool.getErrorElements - lDifferencePixels before: 1833
INFO 05 Nov 15 23:09:36,617 websee.WebSeeTool.getErrorElements - lDifferencePixels after: 1833
INFO 05 Nov 15 23:09:36,617 websee.WebSeeTool.getErrorElements - element /html[1]/body[1]/section[1]/section[1]/main[1]/div[2]/article[1]/h4[1]/a[1] found at 174, 357 with rectangle [174, 352, 84, 18]
INFO 05 Nov 15 23:09:36,617 websee.WebSeeTool.getErrorElements - lDifferencePixels before: 1833
INFO 05 Nov 15 23:09:36,617 websee.WebSeeTool.getErrorElements - lDifferencePixels after: 1833
INFO 05 Nov 15 23:09:36,618 websee.WebSeeTool.getErrorElements - element /html[1]/body[1]/section[1]/section[1]/main[1]/div[2]/article[1]/p[1] found at 174, 388 with rectangle [174, 377, 322, 80]
INFO 05 Nov 15 23:09:36,618 websee.WebSeeTool.getErrorElements - lDifferencePixels before: 1833
INFO 05 Nov 15 23:09:36,619 websee.WebSeeTool.getErrorElements - lDifferencePixels after: 1833
INFO 05 Nov 15 23:09:36,620 websee.WebSeeTool.getErrorElements - element /html[1]/body[1]/section[1]/section[1]/main[1]/div[2]/article[1] found at 175, 351 with rectangle [174, 347, 337, 336]
INFO 05 Nov 15 23:09:36,620 websee.WebSeeTool.getErrorElements - lDifferencePixels before: 1833
INFO 05 Nov 15 23:09:36,622 websee.WebSeeTool.getErrorElements - lDifferencePixels after: 1833
INFO 05 Nov 15 23:09:36,622 websee.WebSeeTool.getErrorElements - element /html[1]/body[1]/section[1]/section[1]/main[1]/div[2]/article[1]/h4[2] found at 174, 481 with rectangle [174, 472, 322, 18]
INFO 05 Nov 15 23:09:36,622 websee.WebSeeTool.getErrorElements - lDifferencePixels before: 1833
INFO 05 Nov 15 23:09:36,622 websee.WebSeeTool.getErrorElements - lDifferencePixels after: 1833
INFO 05 Nov 15 23:09:36,622 websee.WebSeeTool.getErrorElements - element /html[1]/body[1]/section[1]/section[1]/main[1]/div[2]/article[1]/ul[1] found at 180, 502 with rectangle [174, 497, 322, 54]
INFO 05 Nov 15 23:09:36,623 websee.WebSeeTool.getErrorElements - lDifferencePixels before: 1833
INFO 05 Nov 15 23:09:36,623 websee.WebSeeTool.getErrorElements - lDifferencePixels after: 1833
INFO 05 Nov 15 23:09:36,623 websee.WebSeeTool.getErrorElements - element /html[1]/body[1]/section[1]/section[1]/main[1]/div[2]/article[1]/ul[1]/li[1] found at 190, 503 with rectangle [190, 497, 298, 16]
INFO 05 Nov 15 23:09:36,623 websee.WebSeeTool.getErrorElements - lDifferencePixels before: 1833
INFO 05 Nov 15 23:09:36,624 websee.WebSeeTool.getErrorElements - lDifferencePixels after: 1833
INFO 05 Nov 15 23:09:36,624 websee.WebSeeTool.getErrorElements - element /html[1]/body[1]/section[1]/section[1]/main[1]/div[2]/article[1]/ul[1]/li[1]/a[1] found at 190, 503 with rectangle [190, 497, 47, 16]
INFO 05 Nov 15 23:09:36,624 websee.WebSeeTool.getErrorElements - lDifferencePixels before: 1833
INFO 05 Nov 15 23:09:36,624 websee.WebSeeTool.getErrorElements - lDifferencePixels after: 1833
INFO 05 Nov 15 23:09:36,624 websee.WebSeeTool.getErrorElements - element /html[1]/body[1]/section[1]/section[1]/main[1]/div[2]/article[1]/ul[1]/li[2] found at 190, 525 with rectangle [190, 516, 298, 16]
INFO 05 Nov 15 23:09:36,624 websee.WebSeeTool.getErrorElements - lDifferencePixels before: 1833
INFO 05 Nov 15 23:09:36,625 websee.WebSeeTool.getErrorElements - lDifferencePixels after: 1833
INFO 05 Nov 15 23:09:36,625 websee.WebSeeTool.getErrorElements - element /html[1]/body[1]/section[1]/section[1]/main[1]/div[2]/article[1]/ul[1]/li[2]/a[1] found at 190, 525 with rectangle [190, 516, 55, 16]
INFO 05 Nov 15 23:09:36,625 websee.WebSeeTool.getErrorElements - lDifferencePixels before: 1833
INFO 05 Nov 15 23:09:36,625 websee.WebSeeTool.getErrorElements - lDifferencePixels after: 1833
INFO 05 Nov 15 23:09:36,625 websee.WebSeeTool.getErrorElements - element /html[1]/body[1]/section[1]/section[1]/main[1]/div[2]/article[1]/ul[1]/li[3] found at 190, 543 with rectangle [190, 535, 298, 16]
INFO 05 Nov 15 23:09:36,625 websee.WebSeeTool.getErrorElements - lDifferencePixels before: 1833
INFO 05 Nov 15 23:09:36,626 websee.WebSeeTool.getErrorElements - lDifferencePixels after: 1833
INFO 05 Nov 15 23:09:36,626 websee.WebSeeTool.getErrorElements - element /html[1]/body[1]/section[1]/section[1]/main[1]/div[2]/article[1]/ul[1]/li[3]/a[1] found at 190, 543 with rectangle [190, 535, 75, 16]
INFO 05 Nov 15 23:09:36,626 websee.WebSeeTool.getErrorElements - lDifferencePixels before: 1833
INFO 05 Nov 15 23:09:36,626 websee.WebSeeTool.getErrorElements - lDifferencePixels after: 1833
INFO 05 Nov 15 23:09:36,627 websee.WebSeeTool.getErrorElements - element /html[1]/body[1]/section[1]/section[1]/main[1]/div[2]/article[1]/h4[3] found at 174, 574 with rectangle [174, 567, 322, 18]
INFO 05 Nov 15 23:09:36,627 websee.WebSeeTool.getErrorElements - lDifferencePixels before: 1833
INFO 05 Nov 15 23:09:36,627 websee.WebSeeTool.getErrorElements - lDifferencePixels after: 1833
INFO 05 Nov 15 23:09:36,628 websee.WebSeeTool.getErrorElements - element /html[1]/body[1]/section[1]/section[1]/main[1]/div[2]/article[1]/ul[2]/li[1]/a[1] found at 194, 595 with rectangle [190, 592, 159, 16]
INFO 05 Nov 15 23:09:36,628 websee.WebSeeTool.getErrorElements - lDifferencePixels before: 1833
INFO 05 Nov 15 23:09:36,628 websee.WebSeeTool.getErrorElements - lDifferencePixels after: 1833
INFO 05 Nov 15 23:09:36,628 websee.WebSeeTool.getErrorElements - element /html[1]/body[1]/section[1]/section[1]/main[1]/div[2]/article[1]/ul[2]/li[1] found at 194, 595 with rectangle [190, 592, 298, 16]
INFO 05 Nov 15 23:09:36,628 websee.WebSeeTool.getErrorElements - lDifferencePixels before: 1833
INFO 05 Nov 15 23:09:36,628 websee.WebSeeTool.getErrorElements - lDifferencePixels after: 1833
INFO 05 Nov 15 23:09:36,629 websee.WebSeeTool.getErrorElements - element /html[1]/body[1]/section[1]/section[1]/main[1]/div[2]/article[1]/ul[2] found at 174, 601 with rectangle [174, 592, 322, 35]
INFO 05 Nov 15 23:09:36,629 websee.WebSeeTool.getErrorElements - lDifferencePixels before: 1833
INFO 05 Nov 15 23:09:36,629 websee.WebSeeTool.getErrorElements - lDifferencePixels after: 1833
INFO 05 Nov 15 23:09:36,630 websee.WebSeeTool.getErrorElements - element /html[1]/body[1]/section[1]/section[1]/main[1]/div[2]/article[1]/ul[2]/li[2] found at 194, 619 with rectangle [190, 611, 298, 16]
INFO 05 Nov 15 23:09:36,630 websee.WebSeeTool.getErrorElements - lDifferencePixels before: 1833
INFO 05 Nov 15 23:09:36,630 websee.WebSeeTool.getErrorElements - lDifferencePixels after: 1833
INFO 05 Nov 15 23:09:36,630 websee.WebSeeTool.getErrorElements - element /html[1]/body[1]/section[1]/section[1]/main[1]/div[2]/article[1]/ul[2]/li[2]/a[1] found at 194, 619 with rectangle [190, 611, 121, 16]
INFO 05 Nov 15 23:09:36,630 websee.WebSeeTool.getErrorElements - lDifferencePixels before: 1833
INFO 05 Nov 15 23:09:36,630 websee.WebSeeTool.getErrorElements - lDifferencePixels after: 1833
INFO 05 Nov 15 23:09:36,631 websee.WebSeeTool.getErrorElements - element /html[1]/body[1]/section[1]/section[1]/main[1]/div[2]/article[1]/h4[4] found at 174, 648 with rectangle [174, 643, 322, 18]
INFO 05 Nov 15 23:09:36,631 websee.WebSeeTool.getErrorElements - lDifferencePixels before: 1833
INFO 05 Nov 15 23:09:36,631 websee.WebSeeTool.getErrorElements - lDifferencePixels after: 1833
INFO 05 Nov 15 23:09:36,631 websee.WebSeeTool.getErrorElements - element /html[1]/body[1]/section[1]/section[1]/main[1]/div[2]/article[1]/ul[3] found at 190, 675 with rectangle [174, 668, 322, 16]
INFO 05 Nov 15 23:09:36,632 websee.WebSeeTool.getErrorElements - lDifferencePixels before: 1833
INFO 05 Nov 15 23:09:36,632 websee.WebSeeTool.getErrorElements - lDifferencePixels after: 1833
INFO 05 Nov 15 23:09:36,632 websee.WebSeeTool.getErrorElements - element /html[1]/body[1]/section[1]/section[1]/main[1]/div[2]/article[1]/ul[3]/li[1] found at 190, 675 with rectangle [190, 668, 298, 16]
INFO 05 Nov 15 23:09:36,632 websee.WebSeeTool.getErrorElements - lDifferencePixels before: 1833
INFO 05 Nov 15 23:09:36,632 websee.WebSeeTool.getErrorElements - lDifferencePixels after: 1833
INFO 05 Nov 15 23:09:36,632 websee.WebSeeTool.getErrorElements - element /html[1]/body[1]/section[1]/section[1]/main[1]/div[2]/article[1]/ul[3]/li[1]/a[1] found at 190, 675 with rectangle [190, 668, 162, 16]
INFO 05 Nov 15 23:09:36,632 websee.WebSeeTool.getErrorElements - lDifferencePixels before: 1833
INFO 05 Nov 15 23:09:36,632 websee.WebSeeTool.getErrorElements - lDifferencePixels after: 1833
INFO 05 Nov 15 23:09:39,196 websee.WebSeeTool.getErrorElements - ---- GETERRORELEMENTS START ----
INFO 05 Nov 15 23:09:39,212 websee.WebSeeTool.getErrorElements - element /html[1]/body[1]/header[1]/div[1]/div[2] found at 897, 51 with rectangle [829, 13, 240, 65]
INFO 05 Nov 15 23:09:39,212 websee.WebSeeTool.getErrorElements - lDifferencePixels before: 34
INFO 05 Nov 15 23:09:39,212 websee.WebSeeTool.getErrorElements - lDifferencePixels after: 34
INFO 05 Nov 15 23:09:39,212 websee.WebSeeTool.getErrorElements - element /html[1]/body[1]/header[1]/div[1]/div[2]/span[1] found at 897, 51 with rectangle [829, 36, 240, 20]
INFO 05 Nov 15 23:09:39,212 websee.WebSeeTool.getErrorElements - lDifferencePixels before: 34
INFO 05 Nov 15 23:09:39,212 websee.WebSeeTool.getErrorElements - lDifferencePixels after: 34
INFO 05 Nov 15 23:11:28,839 pDiff.PerceptualImageDifferencing.compare - Converting RGB and constructing Laplacian Pyramids
INFO 05 Nov 15 23:11:29,109 pDiff.PerceptualImageDifferencing.compare - Performing test
INFO 05 Nov 15 23:11:29,582 pDiff.PerceptualImageDifferencing.compare - 18670 pixels are different
INFO 05 Nov 15 23:12:17,690 websee.WebSeeTool.getErrorElements - ---- GETERRORELEMENTS START ----
INFO 05 Nov 15 23:12:17,708 websee.WebSeeTool.getErrorElements - element /html[1]/body[1]/section[1]/section[1]/main[1]/div[2] found at 173, 317 with rectangle [172, 297, 680, 350]
INFO 05 Nov 15 23:12:17,708 websee.WebSeeTool.getErrorElements - lDifferencePixels before: 1833
INFO 05 Nov 15 23:12:17,710 websee.WebSeeTool.getErrorElements - lDifferencePixels after: 1833
INFO 05 Nov 15 23:12:17,710 websee.WebSeeTool.getErrorElements - element /html[1]/body[1]/section[1]/section[1]/main[1]/div[2]/article[1]/h4[1] found at 174, 357 with rectangle [174, 352, 322, 18]
INFO 05 Nov 15 23:12:17,710 websee.WebSeeTool.getErrorElements - lDifferencePixels before: 1833
INFO 05 Nov 15 23:12:17,711 websee.WebSeeTool.getErrorElements - lDifferencePixels after: 1833
INFO 05 Nov 15 23:12:17,711 websee.WebSeeTool.getErrorElements - element /html[1]/body[1]/section[1]/section[1]/main[1]/div[2]/article[1]/h4[1]/a[1] found at 174, 357 with rectangle [174, 352, 84, 18]
INFO 05 Nov 15 23:12:17,711 websee.WebSeeTool.getErrorElements - lDifferencePixels before: 1833
INFO 05 Nov 15 23:12:17,712 websee.WebSeeTool.getErrorElements - lDifferencePixels after: 1833
INFO 05 Nov 15 23:12:17,712 websee.WebSeeTool.getErrorElements - element /html[1]/body[1]/section[1]/section[1]/main[1]/div[2]/article[1]/p[1] found at 174, 388 with rectangle [174, 377, 322, 80]
INFO 05 Nov 15 23:12:17,712 websee.WebSeeTool.getErrorElements - lDifferencePixels before: 1833
INFO 05 Nov 15 23:12:17,713 websee.WebSeeTool.getErrorElements - lDifferencePixels after: 1833
INFO 05 Nov 15 23:12:17,714 websee.WebSeeTool.getErrorElements - element /html[1]/body[1]/section[1]/section[1]/main[1]/div[2]/article[1] found at 175, 351 with rectangle [174, 347, 337, 336]
INFO 05 Nov 15 23:12:17,714 websee.WebSeeTool.getErrorElements - lDifferencePixels before: 1833
INFO 05 Nov 15 23:12:17,716 websee.WebSeeTool.getErrorElements - lDifferencePixels after: 1833
INFO 05 Nov 15 23:12:17,717 websee.WebSeeTool.getErrorElements - element /html[1]/body[1]/section[1]/section[1]/main[1]/div[2]/article[1]/h4[2] found at 174, 481 with rectangle [174, 472, 322, 18]
INFO 05 Nov 15 23:12:17,717 websee.WebSeeTool.getErrorElements - lDifferencePixels before: 1833
INFO 05 Nov 15 23:12:17,717 websee.WebSeeTool.getErrorElements - lDifferencePixels after: 1833
INFO 05 Nov 15 23:12:17,717 websee.WebSeeTool.getErrorElements - element /html[1]/body[1]/section[1]/section[1]/main[1]/div[2]/article[1]/ul[1] found at 180, 502 with rectangle [174, 497, 322, 54]
INFO 05 Nov 15 23:12:17,717 websee.WebSeeTool.getErrorElements - lDifferencePixels before: 1833
INFO 05 Nov 15 23:12:17,718 websee.WebSeeTool.getErrorElements - lDifferencePixels after: 1833
INFO 05 Nov 15 23:12:17,718 websee.WebSeeTool.getErrorElements - element /html[1]/body[1]/section[1]/section[1]/main[1]/div[2]/article[1]/ul[1]/li[1] found at 190, 503 with rectangle [190, 497, 298, 16]
INFO 05 Nov 15 23:12:17,718 websee.WebSeeTool.getErrorElements - lDifferencePixels before: 1833
INFO 05 Nov 15 23:12:17,718 websee.WebSeeTool.getErrorElements - lDifferencePixels after: 1833
INFO 05 Nov 15 23:12:17,719 websee.WebSeeTool.getErrorElements - element /html[1]/body[1]/section[1]/section[1]/main[1]/div[2]/article[1]/ul[1]/li[1]/a[1] found at 190, 503 with rectangle [190, 497, 47, 16]
INFO 05 Nov 15 23:12:17,719 websee.WebSeeTool.getErrorElements - lDifferencePixels before: 1833
INFO 05 Nov 15 23:12:17,719 websee.WebSeeTool.getErrorElements - lDifferencePixels after: 1833
INFO 05 Nov 15 23:12:17,720 websee.WebSeeTool.getErrorElements - element /html[1]/body[1]/section[1]/section[1]/main[1]/div[2]/article[1]/ul[1]/li[2] found at 190, 525 with rectangle [190, 516, 298, 16]
INFO 05 Nov 15 23:12:17,720 websee.WebSeeTool.getErrorElements - lDifferencePixels before: 1833
INFO 05 Nov 15 23:12:17,720 websee.WebSeeTool.getErrorElements - lDifferencePixels after: 1833
INFO 05 Nov 15 23:12:17,720 websee.WebSeeTool.getErrorElements - element /html[1]/body[1]/section[1]/section[1]/main[1]/div[2]/article[1]/ul[1]/li[2]/a[1] found at 190, 525 with rectangle [190, 516, 55, 16]
INFO 05 Nov 15 23:12:17,720 websee.WebSeeTool.getErrorElements - lDifferencePixels before: 1833
INFO 05 Nov 15 23:12:17,720 websee.WebSeeTool.getErrorElements - lDifferencePixels after: 1833
INFO 05 Nov 15 23:12:17,721 websee.WebSeeTool.getErrorElements - element /html[1]/body[1]/section[1]/section[1]/main[1]/div[2]/article[1]/ul[1]/li[3] found at 190, 543 with rectangle [190, 535, 298, 16]
INFO 05 Nov 15 23:12:17,721 websee.WebSeeTool.getErrorElements - lDifferencePixels before: 1833
INFO 05 Nov 15 23:12:17,721 websee.WebSeeTool.getErrorElements - lDifferencePixels after: 1833
INFO 05 Nov 15 23:12:17,721 websee.WebSeeTool.getErrorElements - element /html[1]/body[1]/section[1]/section[1]/main[1]/div[2]/article[1]/ul[1]/li[3]/a[1] found at 190, 543 with rectangle [190, 535, 75, 16]
INFO 05 Nov 15 23:12:17,721 websee.WebSeeTool.getErrorElements - lDifferencePixels before: 1833
INFO 05 Nov 15 23:12:17,721 websee.WebSeeTool.getErrorElements - lDifferencePixels after: 1833
INFO 05 Nov 15 23:12:17,722 websee.WebSeeTool.getErrorElements - element /html[1]/body[1]/section[1]/section[1]/main[1]/div[2]/article[1]/h4[3] found at 174, 574 with rectangle [174, 567, 322, 18]
INFO 05 Nov 15 23:12:17,722 websee.WebSeeTool.getErrorElements - lDifferencePixels before: 1833
INFO 05 Nov 15 23:12:17,722 websee.WebSeeTool.getErrorElements - lDifferencePixels after: 1833
INFO 05 Nov 15 23:12:17,723 websee.WebSeeTool.getErrorElements - element /html[1]/body[1]/section[1]/section[1]/main[1]/div[2]/article[1]/ul[2]/li[1]/a[1] found at 194, 595 with rectangle [190, 592, 159, 16]
INFO 05 Nov 15 23:12:17,723 websee.WebSeeTool.getErrorElements - lDifferencePixels before: 1833
INFO 05 Nov 15 23:12:17,723 websee.WebSeeTool.getErrorElements - lDifferencePixels after: 1833
INFO 05 Nov 15 23:12:17,723 websee.WebSeeTool.getErrorElements - element /html[1]/body[1]/section[1]/section[1]/main[1]/div[2]/article[1]/ul[2]/li[1] found at 194, 595 with rectangle [190, 592, 298, 16]
INFO 05 Nov 15 23:12:17,723 websee.WebSeeTool.getErrorElements - lDifferencePixels before: 1833
INFO 05 Nov 15 23:12:17,724 websee.WebSeeTool.getErrorElements - lDifferencePixels after: 1833
INFO 05 Nov 15 23:12:17,724 websee.WebSeeTool.getErrorElements - element /html[1]/body[1]/section[1]/section[1]/main[1]/div[2]/article[1]/ul[2] found at 174, 601 with rectangle [174, 592, 322, 35]
INFO 05 Nov 15 23:12:17,724 websee.WebSeeTool.getErrorElements - lDifferencePixels before: 1833
INFO 05 Nov 15 23:12:17,725 websee.WebSeeTool.getErrorElements - lDifferencePixels after: 1833
INFO 05 Nov 15 23:12:17,725 websee.WebSeeTool.getErrorElements - element /html[1]/body[1]/section[1]/section[1]/main[1]/div[2]/article[1]/ul[2]/li[2] found at 194, 619 with rectangle [190, 611, 298, 16]
INFO 05 Nov 15 23:12:17,725 websee.WebSeeTool.getErrorElements - lDifferencePixels before: 1833
INFO 05 Nov 15 23:12:17,726 websee.WebSeeTool.getErrorElements - lDifferencePixels after: 1833
INFO 05 Nov 15 23:12:17,726 websee.WebSeeTool.getErrorElements - element /html[1]/body[1]/section[1]/section[1]/main[1]/div[2]/article[1]/ul[2]/li[2]/a[1] found at 194, 619 with rectangle [190, 611, 121, 16]
INFO 05 Nov 15 23:12:17,726 websee.WebSeeTool.getErrorElements - lDifferencePixels before: 1833
INFO 05 Nov 15 23:12:17,726 websee.WebSeeTool.getErrorElements - lDifferencePixels after: 1833
INFO 05 Nov 15 23:12:17,727 websee.WebSeeTool.getErrorElements - element /html[1]/body[1]/section[1]/section[1]/main[1]/div[2]/article[1]/h4[4] found at 174, 648 with rectangle [174, 643, 322, 18]
INFO 05 Nov 15 23:12:17,727 websee.WebSeeTool.getErrorElements - lDifferencePixels before: 1833
INFO 05 Nov 15 23:12:17,727 websee.WebSeeTool.getErrorElements - lDifferencePixels after: 1833
INFO 05 Nov 15 23:12:17,727 websee.WebSeeTool.getErrorElements - element /html[1]/body[1]/section[1]/section[1]/main[1]/div[2]/article[1]/ul[3] found at 190, 675 with rectangle [174, 668, 322, 16]
INFO 05 Nov 15 23:12:17,727 websee.WebSeeTool.getErrorElements - lDifferencePixels before: 1833
INFO 05 Nov 15 23:12:17,728 websee.WebSeeTool.getErrorElements - lDifferencePixels after: 1833
INFO 05 Nov 15 23:12:17,728 websee.WebSeeTool.getErrorElements - element /html[1]/body[1]/section[1]/section[1]/main[1]/div[2]/article[1]/ul[3]/li[1] found at 190, 675 with rectangle [190, 668, 298, 16]
INFO 05 Nov 15 23:12:17,728 websee.WebSeeTool.getErrorElements - lDifferencePixels before: 1833
INFO 05 Nov 15 23:12:17,728 websee.WebSeeTool.getErrorElements - lDifferencePixels after: 1833
INFO 05 Nov 15 23:12:17,728 websee.WebSeeTool.getErrorElements - element /html[1]/body[1]/section[1]/section[1]/main[1]/div[2]/article[1]/ul[3]/li[1]/a[1] found at 190, 675 with rectangle [190, 668, 162, 16]
INFO 05 Nov 15 23:12:17,728 websee.WebSeeTool.getErrorElements - lDifferencePixels before: 1833
INFO 05 Nov 15 23:12:17,728 websee.WebSeeTool.getErrorElements - lDifferencePixels after: 1833
INFO 05 Nov 15 23:12:20,373 websee.WebSeeTool.getErrorElements - ---- GETERRORELEMENTS START ----
INFO 05 Nov 15 23:12:20,390 websee.WebSeeTool.getErrorElements - element /html[1]/body[1]/header[1]/div[1]/div[2] found at 897, 51 with rectangle [829, 13, 240, 65]
INFO 05 Nov 15 23:12:20,390 websee.WebSeeTool.getErrorElements - lDifferencePixels before: 34
INFO 05 Nov 15 23:12:20,390 websee.WebSeeTool.getErrorElements - lDifferencePixels after: 34
INFO 05 Nov 15 23:12:20,390 websee.WebSeeTool.getErrorElements - element /html[1]/body[1]/header[1]/div[1]/div[2]/span[1] found at 897, 51 with rectangle [829, 36, 240, 20]
INFO 05 Nov 15 23:12:20,390 websee.WebSeeTool.getErrorElements - lDifferencePixels before: 34
INFO 05 Nov 15 23:12:20,390 websee.WebSeeTool.getErrorElements - lDifferencePixels after: 34
INFO 05 Nov 15 23:20:39,800 pDiff.PerceptualImageDifferencing.compare - Converting RGB and constructing Laplacian Pyramids
INFO 05 Nov 15 23:20:40,060 pDiff.PerceptualImageDifferencing.compare - Performing test
INFO 05 Nov 15 23:20:40,497 pDiff.PerceptualImageDifferencing.compare - 18670 pixels are different
INFO 05 Nov 15 23:21:31,086 websee.WebSeeTool.getErrorElements - ---- GETERRORELEMENTS START ----
INFO 05 Nov 15 23:21:31,104 websee.WebSeeTool.getErrorElements - element /html[1]/body[1]/section[1]/section[1]/main[1]/div[2] found at 173, 317 with rectangle [173, 297, 680, 350]
INFO 05 Nov 15 23:21:31,104 websee.WebSeeTool.getErrorElements - lDifferencePixels before: 1833
INFO 05 Nov 15 23:21:31,106 websee.WebSeeTool.getErrorElements - lDifferencePixels after: 1833
INFO 05 Nov 15 23:21:31,107 websee.WebSeeTool.getErrorElements - element /html[1]/body[1]/section[1]/section[1]/main[1]/div[2]/article[1] found at 175, 351 with rectangle [175, 347, 337, 336]
INFO 05 Nov 15 23:21:31,107 websee.WebSeeTool.getErrorElements - lDifferencePixels before: 1833
INFO 05 Nov 15 23:21:31,109 websee.WebSeeTool.getErrorElements - lDifferencePixels after: 1833
INFO 05 Nov 15 23:21:31,110 websee.WebSeeTool.getErrorElements - element /html[1]/body[1]/section[1]/section[1]/main[1]/div[2]/article[1]/h4[1] found at 175, 362 with rectangle [175, 352, 322, 18]
INFO 05 Nov 15 23:21:31,110 websee.WebSeeTool.getErrorElements - lDifferencePixels before: 1833
INFO 05 Nov 15 23:21:31,110 websee.WebSeeTool.getErrorElements - lDifferencePixels after: 1833
INFO 05 Nov 15 23:21:31,110 websee.WebSeeTool.getErrorElements - element /html[1]/body[1]/section[1]/section[1]/main[1]/div[2]/article[1]/h4[1]/a[1] found at 175, 362 with rectangle [175, 352, 84, 18]
INFO 05 Nov 15 23:21:31,111 websee.WebSeeTool.getErrorElements - lDifferencePixels before: 1833
INFO 05 Nov 15 23:21:31,111 websee.WebSeeTool.getErrorElements - lDifferencePixels after: 1833
INFO 05 Nov 15 23:21:31,112 websee.WebSeeTool.getErrorElements - element /html[1]/body[1]/section[1]/section[1]/main[1]/div[2]/article[1]/p[1] found at 175, 384 with rectangle [175, 377, 322, 80]
INFO 05 Nov 15 23:21:31,112 websee.WebSeeTool.getErrorElements - lDifferencePixels before: 1833
INFO 05 Nov 15 23:21:31,113 websee.WebSeeTool.getErrorElements - lDifferencePixels after: 1833
INFO 05 Nov 15 23:21:31,113 websee.WebSeeTool.getErrorElements - element /html[1]/body[1]/section[1]/section[1]/main[1]/div[2]/article[1]/h4[2] found at 175, 484 with rectangle [175, 472, 322, 18]
INFO 05 Nov 15 23:21:31,113 websee.WebSeeTool.getErrorElements - lDifferencePixels before: 1833
INFO 05 Nov 15 23:21:31,114 websee.WebSeeTool.getErrorElements - lDifferencePixels after: 1833
INFO 05 Nov 15 23:21:31,114 websee.WebSeeTool.getErrorElements - element /html[1]/body[1]/section[1]/section[1]/main[1]/div[2]/article[1]/ul[1] found at 180, 502 with rectangle [175, 497, 322, 54]
INFO 05 Nov 15 23:21:31,114 websee.WebSeeTool.getErrorElements - lDifferencePixels before: 1833
INFO 05 Nov 15 23:21:31,115 websee.WebSeeTool.getErrorElements - lDifferencePixels after: 1833
INFO 05 Nov 15 23:21:31,115 websee.WebSeeTool.getErrorElements - element /html[1]/body[1]/section[1]/section[1]/main[1]/div[2]/article[1]/ul[1]/li[1] found at 191, 499 with rectangle [191, 497, 298, 16]
INFO 05 Nov 15 23:21:31,115 websee.WebSeeTool.getErrorElements - lDifferencePixels before: 1833
INFO 05 Nov 15 23:21:31,116 websee.WebSeeTool.getErrorElements - lDifferencePixels after: 1833
INFO 05 Nov 15 23:21:31,116 websee.WebSeeTool.getErrorElements - element /html[1]/body[1]/section[1]/section[1]/main[1]/div[2]/article[1]/ul[1]/li[1]/a[1] found at 191, 499 with rectangle [191, 497, 47, 16]
INFO 05 Nov 15 23:21:31,116 websee.WebSeeTool.getErrorElements - lDifferencePixels before: 1833
INFO 05 Nov 15 23:21:31,116 websee.WebSeeTool.getErrorElements - lDifferencePixels after: 1833
INFO 05 Nov 15 23:21:31,116 websee.WebSeeTool.getErrorElements - element /html[1]/body[1]/section[1]/section[1]/main[1]/div[2]/article[1]/ul[1]/li[3] found at 191, 540 with rectangle [191, 535, 298, 16]
INFO 05 Nov 15 23:21:31,117 websee.WebSeeTool.getErrorElements - lDifferencePixels before: 1833
INFO 05 Nov 15 23:21:31,117 websee.WebSeeTool.getErrorElements - lDifferencePixels after: 1833
INFO 05 Nov 15 23:21:31,117 websee.WebSeeTool.getErrorElements - element /html[1]/body[1]/section[1]/section[1]/main[1]/div[2]/article[1]/ul[1]/li[3]/a[1] found at 191, 540 with rectangle [191, 535, 75, 16]
INFO 05 Nov 15 23:21:31,117 websee.WebSeeTool.getErrorElements - lDifferencePixels before: 1833
INFO 05 Nov 15 23:21:31,117 websee.WebSeeTool.getErrorElements - lDifferencePixels after: 1833
INFO 05 Nov 15 23:21:31,118 websee.WebSeeTool.getErrorElements - element /html[1]/body[1]/section[1]/section[1]/main[1]/div[2]/article[1]/ul[1]/li[2] found at 192, 522 with rectangle [191, 516, 298, 16]
INFO 05 Nov 15 23:21:31,118 websee.WebSeeTool.getErrorElements - lDifferencePixels before: 1833
INFO 05 Nov 15 23:21:31,118 websee.WebSeeTool.getErrorElements - lDifferencePixels after: 1833
INFO 05 Nov 15 23:21:31,118 websee.WebSeeTool.getErrorElements - element /html[1]/body[1]/section[1]/section[1]/main[1]/div[2]/article[1]/ul[1]/li[2]/a[1] found at 192, 522 with rectangle [191, 516, 55, 16]
INFO 05 Nov 15 23:21:31,118 websee.WebSeeTool.getErrorElements - lDifferencePixels before: 1833
INFO 05 Nov 15 23:21:31,119 websee.WebSeeTool.getErrorElements - lDifferencePixels after: 1833
INFO 05 Nov 15 23:21:31,119 websee.WebSeeTool.getErrorElements - element /html[1]/body[1]/section[1]/section[1]/main[1]/div[2]/article[1]/h4[3] found at 175, 577 with rectangle [175, 567, 322, 18]
INFO 05 Nov 15 23:21:31,119 websee.WebSeeTool.getErrorElements - lDifferencePixels before: 1833
INFO 05 Nov 15 23:21:31,120 websee.WebSeeTool.getErrorElements - lDifferencePixels after: 1833
INFO 05 Nov 15 23:21:31,120 websee.WebSeeTool.getErrorElements - element /html[1]/body[1]/section[1]/section[1]/main[1]/div[2]/article[1]/ul[2]/li[1]/a[1] found at 194, 595 with rectangle [191, 592, 159, 16]
INFO 05 Nov 15 23:21:31,120 websee.WebSeeTool.getErrorElements - lDifferencePixels before: 1833
INFO 05 Nov 15 23:21:31,120 websee.WebSeeTool.getErrorElements - lDifferencePixels after: 1833
INFO 05 Nov 15 23:21:31,120 websee.WebSeeTool.getErrorElements - element /html[1]/body[1]/section[1]/section[1]/main[1]/div[2]/article[1]/ul[2]/li[1] found at 194, 595 with rectangle [191, 592, 298, 16]
INFO 05 Nov 15 23:21:31,121 websee.WebSeeTool.getErrorElements - lDifferencePixels before: 1833
INFO 05 Nov 15 23:21:31,121 websee.WebSeeTool.getErrorElements - lDifferencePixels after: 1833
INFO 05 Nov 15 23:21:31,121 websee.WebSeeTool.getErrorElements - element /html[1]/body[1]/section[1]/section[1]/main[1]/div[2]/article[1]/ul[2] found at 183, 600 with rectangle [175, 592, 322, 35]
INFO 05 Nov 15 23:21:31,121 websee.WebSeeTool.getErrorElements - lDifferencePixels before: 1833
INFO 05 Nov 15 23:21:31,122 websee.WebSeeTool.getErrorElements - lDifferencePixels after: 1833
INFO 05 Nov 15 23:21:31,122 websee.WebSeeTool.getErrorElements - element /html[1]/body[1]/section[1]/section[1]/main[1]/div[2]/article[1]/ul[2]/li[2] found at 194, 619 with rectangle [191, 611, 298, 16]
INFO 05 Nov 15 23:21:31,122 websee.WebSeeTool.getErrorElements - lDifferencePixels before: 1833
INFO 05 Nov 15 23:21:31,122 websee.WebSeeTool.getErrorElements - lDifferencePixels after: 1833
INFO 05 Nov 15 23:21:31,122 websee.WebSeeTool.getErrorElements - element /html[1]/body[1]/section[1]/section[1]/main[1]/div[2]/article[1]/ul[2]/li[2]/a[1] found at 194, 619 with rectangle [191, 611, 121, 16]
INFO 05 Nov 15 23:21:31,122 websee.WebSeeTool.getErrorElements - lDifferencePixels before: 1833
INFO 05 Nov 15 23:21:31,122 websee.WebSeeTool.getErrorElements - lDifferencePixels after: 1833
INFO 05 Nov 15 23:21:31,122 websee.WebSeeTool.getErrorElements - element /html[1]/body[1]/section[1]/section[1]/main[1] found at 174, 648 with rectangle [170, 132, 683, 551]
INFO 05 Nov 15 23:21:31,123 websee.WebSeeTool.getErrorElements - lDifferencePixels before: 1833
INFO 05 Nov 15 23:21:31,123 websee.WebSeeTool.getErrorElements - lDifferencePixels after: 1833
INFO 05 Nov 15 23:21:31,123 websee.WebSeeTool.getErrorElements - element /html[1]/body[1]/section[1]/section[1]/main[1]/div[2]/article[1]/h4[4] found at 179, 647 with rectangle [175, 643, 322, 18]
INFO 05 Nov 15 23:21:31,123 websee.WebSeeTool.getErrorElements - lDifferencePixels before: 1833
INFO 05 Nov 15 23:21:31,123 websee.WebSeeTool.getErrorElements - lDifferencePixels after: 1833
INFO 05 Nov 15 23:21:33,897 websee.WebSeeTool.getErrorElements - ---- GETERRORELEMENTS START ----
INFO 05 Nov 15 23:21:33,919 websee.WebSeeTool.getErrorElements - element /html[1]/body[1]/header[1]/div[1]/div[2] found at 897, 51 with rectangle [830, 13, 240, 65]
INFO 05 Nov 15 23:21:33,919 websee.WebSeeTool.getErrorElements - lDifferencePixels before: 34
INFO 05 Nov 15 23:21:33,920 websee.WebSeeTool.getErrorElements - lDifferencePixels after: 34
INFO 05 Nov 15 23:21:33,920 websee.WebSeeTool.getErrorElements - element /html[1]/body[1]/header[1]/div[1]/div[2]/span[1] found at 897, 51 with rectangle [830, 36, 240, 20]
INFO 05 Nov 15 23:21:33,920 websee.WebSeeTool.getErrorElements - lDifferencePixels before: 34
INFO 05 Nov 15 23:21:33,920 websee.WebSeeTool.getErrorElements - lDifferencePixels after: 34
